#! c:/iverilog-x86/bin/vvp
:ivl_version "10.0 (stable)" "(v10_0)";
:ivl_delay_selection "TYPICAL";
:vpi_time_precision + 0;
:vpi_module "system";
:vpi_module "vhdl_sys";
:vpi_module "v2005_math";
:vpi_module "va_math";
S_00febc50 .scope module, "DFlipFlop" "DFlipFlop" 2 7;
 .timescale 0 0;
    .port_info 0 /OUTPUT 1 "q"
    .port_info 1 /OUTPUT 1 "qBar"
    .port_info 2 /INPUT 1 "D"
    .port_info 3 /INPUT 1 "clk"
    .port_info 4 /INPUT 1 "rst"
L_00fec000 .functor NOT 1, v00fe3b30_0, C4<0>, C4<0>, C4<0>;
o02743fdc .functor BUFZ 1, C4<z>; HiZ drive
v00fe88c8_0 .net "D", 0 0, o02743fdc;  0 drivers
o02743ff4 .functor BUFZ 1, C4<z>; HiZ drive
v00fe3ad8_0 .net "clk", 0 0, o02743ff4;  0 drivers
v00fe3b30_0 .var "q", 0 0;
v00fe3b88_0 .net "qBar", 0 0, L_00fec000;  1 drivers
o0274403c .functor BUFZ 1, C4<z>; HiZ drive
v00fecf90_0 .net "rst", 0 0, o0274403c;  0 drivers
E_02732ce8/0 .event negedge, v00fecf90_0;
E_02732ce8/1 .event posedge, v00fe3ad8_0;
E_02732ce8 .event/or E_02732ce8/0, E_02732ce8/1;
S_00fe3a08 .scope module, "testBench" "testBench" 3 7;
 .timescale 0 0;
v027410a0_0 .net "clk", 0 0, v00fed0b8_0;  1 drivers
v02740c80_0 .net "out", 3 0, v00feda20_0;  1 drivers
v02740d88_0 .net "rst", 0 0, v00fe4bc8_0;  1 drivers
S_00fecfe8 .scope module, "aTester" "Tester" 3 16, 3 35 0, S_00fe3a08;
 .timescale 0 0;
    .port_info 0 /INPUT 4 "out"
    .port_info 1 /OUTPUT 1 "clk"
    .port_info 2 /OUTPUT 1 "rst"
P_02732a40 .param/l "stimDelay" 0 3 39, +C4<00000000000000000000000000010100>;
v00fed0b8_0 .var "clk", 0 0;
v00fed110_0 .var/i "i", 31 0;
v00fe4b70_0 .net "out", 3 0, v00feda20_0;  alias, 1 drivers
v00fe4bc8_0 .var "rst", 0 0;
S_00fe4c20 .scope module, "myCounter" "counter" 3 13, 4 8 0, S_00fe3a08;
 .timescale 0 0;
    .port_info 0 /OUTPUT 4 "out"
    .port_info 1 /INPUT 1 "clk"
    .port_info 2 /INPUT 1 "rst"
v00fe4cf0_0 .net "clk", 0 0, v00fed0b8_0;  alias, 1 drivers
v00feda20_0 .var "out", 3 0;
v00feda78_0 .net "rst", 0 0, v00fe4bc8_0;  alias, 1 drivers
E_02732d60 .event posedge, v00fed0b8_0;
    .scope S_00febc50;
T_0 ;
    %wait E_02732ce8;
    %load/vec4 v00fecf90_0;
    %nor/r;
    %flag_set/vec4 8;
    %jmp/0xz  T_0.0, 8;
    %pushi/vec4 0, 0, 1;
    %store/vec4 v00fe3b30_0, 0, 1;
    %jmp T_0.1;
T_0.0 ;
    %load/vec4 v00fe88c8_0;
    %store/vec4 v00fe3b30_0, 0, 1;
T_0.1 ;
    %jmp T_0;
    .thread T_0;
    .scope S_00fe4c20;
T_1 ;
    %wait E_02732d60;
    %load/vec4 v00feda78_0;
    %nor/r;
    %flag_set/vec4 8;
    %jmp/0xz  T_1.0, 8;
    %pushi/vec4 0, 0, 4;
    %store/vec4 v00feda20_0, 0, 4;
    %jmp T_1.1;
T_1.0 ;
    %load/vec4 v00feda20_0;
    %parti/s 1, 0, 2;
    %inv;
    %ix/load 4, 3, 0;
    %ix/load 5, 0, 0;
    %flag_set/imm 4, 0;
    %assign/vec4/off/d v00feda20_0, 4, 5;
    %load/vec4 v00feda20_0;
    %parti/s 1, 3, 3;
    %ix/load 4, 2, 0;
    %ix/load 5, 0, 0;
    %flag_set/imm 4, 0;
    %assign/vec4/off/d v00feda20_0, 4, 5;
    %load/vec4 v00feda20_0;
    %parti/s 1, 2, 3;
    %ix/load 4, 1, 0;
    %ix/load 5, 0, 0;
    %flag_set/imm 4, 0;
    %assign/vec4/off/d v00feda20_0, 4, 5;
    %load/vec4 v00feda20_0;
    %parti/s 1, 1, 2;
    %ix/load 4, 0, 0;
    %ix/load 5, 0, 0;
    %flag_set/imm 4, 0;
    %assign/vec4/off/d v00feda20_0, 4, 5;
T_1.1 ;
    %jmp T_1;
    .thread T_1;
    .scope S_00fecfe8;
T_2 ;
    %vpi_call 3 44 "$display", "\011\011 bits \011 rst \011 clk" {0 0 0};
    %vpi_call 3 45 "$monitor", "\011\011 %b\011 %b\011 %b", v00fe4b70_0, v00fe4bc8_0, v00fed0b8_0 {0 0 0};
    %end;
    .thread T_2;
    .scope S_00fecfe8;
T_3 ;
    %delay 20, 0;
    %pushi/vec4 0, 0, 1;
    %store/vec4 v00fe4bc8_0, 0, 1;
    %pushi/vec4 0, 0, 1;
    %store/vec4 v00fed0b8_0, 0, 1;
    %delay 20, 0;
    %pushi/vec4 1, 0, 1;
    %store/vec4 v00fed0b8_0, 0, 1;
    %delay 20, 0;
    %pushi/vec4 0, 0, 1;
    %store/vec4 v00fed0b8_0, 0, 1;
    %pushi/vec4 1, 0, 1;
    %store/vec4 v00fe4bc8_0, 0, 1;
    %pushi/vec4 0, 0, 32;
    %store/vec4 v00fed110_0, 0, 32;
T_3.0 ;
    %load/vec4 v00fed110_0;
    %cmpi/s 4, 0, 32;
    %jmp/0xz T_3.1, 5;
    %delay 20, 0;
    %pushi/vec4 1, 0, 1;
    %store/vec4 v00fed0b8_0, 0, 1;
    %delay 20, 0;
    %pushi/vec4 0, 0, 1;
    %store/vec4 v00fed0b8_0, 0, 1;
    %load/vec4 v00fed110_0;
    %addi 1, 0, 32;
    %store/vec4 v00fed110_0, 0, 32;
    %jmp T_3.0;
T_3.1 ;
    %pushi/vec4 0, 0, 1;
    %store/vec4 v00fe4bc8_0, 0, 1;
    %delay 20, 0;
    %pushi/vec4 1, 0, 1;
    %store/vec4 v00fed0b8_0, 0, 1;
    %delay 20, 0;
    %pushi/vec4 0, 0, 1;
    %store/vec4 v00fed0b8_0, 0, 1;
    %pushi/vec4 1, 0, 1;
    %store/vec4 v00fe4bc8_0, 0, 1;
    %pushi/vec4 0, 0, 32;
    %store/vec4 v00fed110_0, 0, 32;
T_3.2 ;
    %load/vec4 v00fed110_0;
    %cmpi/s 16, 0, 32;
    %jmp/0xz T_3.3, 5;
    %delay 20, 0;
    %pushi/vec4 1, 0, 1;
    %store/vec4 v00fed0b8_0, 0, 1;
    %delay 20, 0;
    %pushi/vec4 0, 0, 1;
    %store/vec4 v00fed0b8_0, 0, 1;
    %load/vec4 v00fed110_0;
    %addi 1, 0, 32;
    %store/vec4 v00fed110_0, 0, 32;
    %jmp T_3.2;
T_3.3 ;
    %delay 20, 0;
    %pushi/vec4 1, 0, 1;
    %store/vec4 v00fed0b8_0, 0, 1;
    %delay 20, 0;
    %pushi/vec4 0, 0, 1;
    %store/vec4 v00fed0b8_0, 0, 1;
    %delay 40, 0;
    %vpi_call 3 75 "$finish" {0 0 0};
    %end;
    .thread T_3;
    .scope S_00fe3a08;
T_4 ;
    %vpi_call 3 21 "$dumpfile", "counter.vcd" {0 0 0};
    %vpi_call 3 22 "$dumpvars", 32'sb00000000000000000000000000000001, S_00fe4c20 {0 0 0};
    %end;
    .thread T_4;
# The file index is used to find the file name in the following table.
:file_names 5;
    "N/A";
    "<interactive>";
    "DFlipFlop.v";
    "counterTop.v";
    "counter.v";
