Flow report for counter1
Thu Apr 07 18:53:14 2016
Quartus II 64-Bit Version 14.1.0 Build 186 12/03/2014 SJ Full Version


---------------------
; Table of Contents ;
---------------------
  1. Legal Notice
  2. Flow Summary
  3. Flow Settings
  4. Flow Non-Default Global Settings
  5. Flow Elapsed Time
  6. Flow OS Summary
  7. Flow Log
  8. Flow Messages
  9. Flow Suppressed Messages



----------------
; Legal Notice ;
----------------
Copyright (C) 1991-2014 Altera Corporation. All rights reserved.
Your use of Altera Corporation's design tools, logic functions 
and other software and tools, and its AMPP partner logic 
functions, and any output files from any of the foregoing 
(including device programming or simulation files), and any 
associated documentation or information are expressly subject 
to the terms and conditions of the Altera Program License 
Subscription Agreement, the Altera Quartus II License Agreement,
the Altera MegaCore Function License Agreement, or other 
applicable license agreement, including, without limitation, 
that your use is for the sole purpose of programming logic 
devices manufactured by Altera and sold by Altera or its 
authorized distributors.  Please refer to the applicable 
agreement for further details.



+-------------------------------------------------------------------------------+
; Flow Summary                                                                  ;
+---------------------------------+---------------------------------------------+
; Flow Status                     ; Successful - Thu Apr 07 18:53:14 2016       ;
; Quartus II 64-Bit Version       ; 14.1.0 Build 186 12/03/2014 SJ Full Version ;
; Revision Name                   ; counter1                                    ;
; Top-level Entity Name           ; main                                        ;
; Family                          ; Cyclone V                                   ;
; Device                          ; 5CSEMA5F31C6                                ;
; Timing Models                   ; Final                                       ;
; Logic utilization (in ALMs)     ; 28 / 32,070 ( < 1 % )                       ;
; Total registers                 ; 31                                          ;
; Total pins                      ; 6 / 457 ( 1 % )                             ;
; Total virtual pins              ; 0                                           ;
; Total block memory bits         ; 0 / 4,065,280 ( 0 % )                       ;
; Total PLLs                      ; 0 / 6 ( 0 % )                               ;
; Total DLLs                      ; 0 / 4 ( 0 % )                               ;
; Total DSP Blocks                ; 0 / 87 ( 0 % )                              ;
; Total HSSI RX PCSs              ; 0                                           ;
; Total HSSI PMA RX Deserializers ; 0                                           ;
; Total HSSI TX PCSs              ; 0                                           ;
; Total HSSI PMA TX Serializers   ; 0                                           ;
+---------------------------------+---------------------------------------------+


+-----------------------------------------+
; Flow Settings                           ;
+-------------------+---------------------+
; Option            ; Setting             ;
+-------------------+---------------------+
; Start date & time ; 04/07/2016 18:40:10 ;
; Main task         ; Compilation         ;
; Revision Name     ; counter1            ;
+-------------------+---------------------+


+----------------------------------------------------------------------------------------------------------------------+
; Flow Non-Default Global Settings                                                                                     ;
+-------------------------------------+---------------------------------+---------------+-------------+----------------+
; Assignment Name                     ; Value                           ; Default Value ; Entity Name ; Section Id     ;
+-------------------------------------+---------------------------------+---------------+-------------+----------------+
; COMPILER_SIGNATURE_ID               ; 180546892738638.146007961008748 ; --            ; --          ; --             ;
; EDA_OUTPUT_DATA_FORMAT              ; Vhdl                            ; --            ; --          ; eda_simulation ;
; EDA_SIMULATION_TOOL                 ; ModelSim-Altera (VHDL)          ; <None>        ; --          ; --             ;
; MAX_CORE_JUNCTION_TEMP              ; 85                              ; --            ; --          ; --             ;
; MIN_CORE_JUNCTION_TEMP              ; 0                               ; --            ; --          ; --             ;
; PARTITION_COLOR                     ; 16764057                        ; --            ; main        ; Top            ;
; PARTITION_FITTER_PRESERVATION_LEVEL ; PLACEMENT_AND_ROUTING           ; --            ; main        ; Top            ;
; PARTITION_NETLIST_TYPE              ; SOURCE                          ; --            ; main        ; Top            ;
; PROJECT_OUTPUT_DIRECTORY            ; output_files                    ; --            ; --          ; --             ;
; TOP_LEVEL_ENTITY                    ; main                            ; counter1      ; --          ; --             ;
+-------------------------------------+---------------------------------+---------------+-------------+----------------+


+-------------------------------------------------------------------------------------------------------------------------------+
; Flow Elapsed Time                                                                                                             ;
+---------------------------+--------------+-------------------------+---------------------+------------------------------------+
; Module Name               ; Elapsed Time ; Average Processors Used ; Peak Virtual Memory ; Total CPU Time (on all processors) ;
+---------------------------+--------------+-------------------------+---------------------+------------------------------------+
; Analysis & Synthesis      ; 00:00:10     ; 1.0                     ; 728 MB              ; 00:00:20                           ;
; Fitter                    ; 00:00:37     ; 1.6                     ; 2769 MB             ; 00:00:54                           ;
; Assembler                 ; 00:00:13     ; 1.0                     ; 706 MB              ; 00:00:11                           ;
; TimeQuest Timing Analyzer ; 00:00:07     ; 1.5                     ; 1078 MB             ; 00:00:07                           ;
; EDA Netlist Writer        ; 00:00:01     ; 1.0                     ; 626 MB              ; 00:00:01                           ;
; Analysis & Synthesis      ; 00:00:10     ; 1.0                     ; 677 MB              ; 00:00:20                           ;
; Partition Merge           ; 00:00:02     ; 1.0                     ; 834 MB              ; 00:00:02                           ;
; Fitter                    ; 00:00:33     ; 1.7                     ; 2765 MB             ; 00:00:51                           ;
; Assembler                 ; 00:00:09     ; 1.0                     ; 713 MB              ; 00:00:10                           ;
; TimeQuest Timing Analyzer ; 00:00:06     ; 1.0                     ; 1018 MB             ; 00:00:06                           ;
; EDA Netlist Writer        ; 00:00:02     ; 1.0                     ; 625 MB              ; 00:00:01                           ;
; Analysis & Synthesis      ; 00:00:09     ; 1.0                     ; 676 MB              ; 00:00:21                           ;
; Partition Merge           ; 00:00:02     ; 1.0                     ; 818 MB              ; 00:00:02                           ;
; Fitter                    ; 00:00:27     ; 1.7                     ; 2429 MB             ; 00:00:41                           ;
; Assembler                 ; 00:00:10     ; 1.0                     ; 714 MB              ; 00:00:10                           ;
; TimeQuest Timing Analyzer ; 00:00:07     ; 1.0                     ; 1023 MB             ; 00:00:07                           ;
; EDA Netlist Writer        ; 00:00:01     ; 1.0                     ; 628 MB              ; 00:00:01                           ;
; Analysis & Synthesis      ; 00:00:10     ; 1.0                     ; 676 MB              ; 00:00:21                           ;
; Partition Merge           ; 00:00:02     ; 1.0                     ; 819 MB              ; 00:00:02                           ;
; Fitter                    ; 00:00:27     ; 1.6                     ; 2427 MB             ; 00:00:41                           ;
; Assembler                 ; 00:00:09     ; 1.0                     ; 714 MB              ; 00:00:10                           ;
; TimeQuest Timing Analyzer ; 00:00:07     ; 2.0                     ; 1021 MB             ; 00:00:07                           ;
; EDA Netlist Writer        ; 00:00:02     ; 1.0                     ; 628 MB              ; 00:00:01                           ;
; Total                     ; 00:04:03     ; --                      ; --                  ; 00:05:47                           ;
+---------------------------+--------------+-------------------------+---------------------+------------------------------------+


+----------------------------------------------------------------------------------------+
; Flow OS Summary                                                                        ;
+---------------------------+------------------+-----------+------------+----------------+
; Module Name               ; Machine Hostname ; OS Name   ; OS Version ; Processor type ;
+---------------------------+------------------+-----------+------------+----------------+
; Analysis & Synthesis      ; EE-361pc20       ; Windows 7 ; 6.2        ; x86_64         ;
; Fitter                    ; EE-361pc20       ; Windows 7 ; 6.2        ; x86_64         ;
; Assembler                 ; EE-361pc20       ; Windows 7 ; 6.2        ; x86_64         ;
; TimeQuest Timing Analyzer ; EE-361pc20       ; Windows 7 ; 6.2        ; x86_64         ;
; EDA Netlist Writer        ; EE-361pc20       ; Windows 7 ; 6.2        ; x86_64         ;
; Analysis & Synthesis      ; EE-361pc20       ; Windows 7 ; 6.2        ; x86_64         ;
; Partition Merge           ; EE-361pc20       ; Windows 7 ; 6.2        ; x86_64         ;
; Fitter                    ; EE-361pc20       ; Windows 7 ; 6.2        ; x86_64         ;
; Assembler                 ; EE-361pc20       ; Windows 7 ; 6.2        ; x86_64         ;
; TimeQuest Timing Analyzer ; EE-361pc20       ; Windows 7 ; 6.2        ; x86_64         ;
; EDA Netlist Writer        ; EE-361pc20       ; Windows 7 ; 6.2        ; x86_64         ;
; Analysis & Synthesis      ; EE-361pc20       ; Windows 7 ; 6.2        ; x86_64         ;
; Partition Merge           ; EE-361pc20       ; Windows 7 ; 6.2        ; x86_64         ;
; Fitter                    ; EE-361pc20       ; Windows 7 ; 6.2        ; x86_64         ;
; Assembler                 ; EE-361pc20       ; Windows 7 ; 6.2        ; x86_64         ;
; TimeQuest Timing Analyzer ; EE-361pc20       ; Windows 7 ; 6.2        ; x86_64         ;
; EDA Netlist Writer        ; EE-361pc20       ; Windows 7 ; 6.2        ; x86_64         ;
; Analysis & Synthesis      ; EE-361pc20       ; Windows 7 ; 6.2        ; x86_64         ;
; Partition Merge           ; EE-361pc20       ; Windows 7 ; 6.2        ; x86_64         ;
; Fitter                    ; EE-361pc20       ; Windows 7 ; 6.2        ; x86_64         ;
; Assembler                 ; EE-361pc20       ; Windows 7 ; 6.2        ; x86_64         ;
; TimeQuest Timing Analyzer ; EE-361pc20       ; Windows 7 ; 6.2        ; x86_64         ;
; EDA Netlist Writer        ; EE-361pc20       ; Windows 7 ; 6.2        ; x86_64         ;
+---------------------------+------------------+-----------+------------+----------------+


------------
; Flow Log ;
------------
quartus_map --read_settings_files=on --write_settings_files=off counter1 -c counter1
quartus_fit --read_settings_files=off --write_settings_files=off counter1 -c counter1
quartus_asm --read_settings_files=off --write_settings_files=off counter1 -c counter1
quartus_sta counter1 -c counter1
quartus_eda --read_settings_files=off --write_settings_files=off counter1 -c counter1
quartus_map --read_settings_files=on --write_settings_files=off counter1 -c counter1
quartus_cdb --read_settings_files=off --write_settings_files=off counter1 -c counter1 --merge=on
quartus_fit --read_settings_files=off --write_settings_files=off counter1 -c counter1
quartus_asm --read_settings_files=off --write_settings_files=off counter1 -c counter1
quartus_sta counter1 -c counter1
quartus_eda --read_settings_files=off --write_settings_files=off counter1 -c counter1
quartus_map --read_settings_files=on --write_settings_files=off counter1 -c counter1
quartus_cdb --read_settings_files=off --write_settings_files=off counter1 -c counter1 --merge=on
quartus_fit --read_settings_files=off --write_settings_files=off counter1 -c counter1
quartus_asm --read_settings_files=off --write_settings_files=off counter1 -c counter1
quartus_sta counter1 -c counter1
quartus_eda --read_settings_files=off --write_settings_files=off counter1 -c counter1
quartus_map --read_settings_files=on --write_settings_files=off counter1 -c counter1
quartus_cdb --read_settings_files=off --write_settings_files=off counter1 -c counter1 --merge=on
quartus_fit --read_settings_files=off --write_settings_files=off counter1 -c counter1
quartus_asm --read_settings_files=off --write_settings_files=off counter1 -c counter1
quartus_sta counter1 -c counter1
quartus_eda --read_settings_files=off --write_settings_files=off counter1 -c counter1



