13:36:53 **** Incremental Build of configuration Nios II for project microproc ****
make all 
Info: Building ../microproc_bsp/
C:/altera/15.1/nios2eds/bin/gnu/H-x86_64-mingw32/bin/make --no-print-directory -C ../microproc_bsp/
[BSP build complete]
Info: Compiling hello_world_small.c to obj/default/hello_world_small.o
nios2-elf-gcc -xc -MP -MMD -c -I../microproc_bsp//HAL/inc -I../microproc_bsp/ -I../microproc_bsp//drivers/inc  -pipe -D__hal__ -DALT_NO_C_PLUS_PLUS -DALT_NO_CLEAN_EXIT -D'exit(a)=_exit(a)' -DALT_NO_EXIT -DALT_USE_DIRECT_DRIVERS -DALT_NO_INSTRUCTION_EMULATION -DALT_USE_SMALL_DRIVERS -DSMALL_C_LIB -DALT_SINGLE_THREADED    -Os -g -Wall   -mno-hw-div -mno-hw-mul -mno-hw-mulx  -o obj/default/hello_world_small.o hello_world_small.c
Info: Linking microproc.elf
nios2-elf-g++  -T'../microproc_bsp//linker.x' -msys-crt0='../microproc_bsp//obj/HAL/src/crt0.o' -msys-lib=hal_bsp -L../microproc_bsp/  -msmallc  -Wl,-Map=microproc.map   -Os -g -Wall   -mno-hw-div -mno-hw-mul -mno-hw-mulx  -o microproc.elf obj/default/hello_world_small.o -lm -msys-lib=m
nios2-elf-insert microproc.elf --thread_model hal --cpu_name nios2 --qsys true --simulation_enabled false --stderr_dev jtag_uart --stdin_dev jtag_uart --stdout_dev jtag_uart --sopc_system_name microprocessor --quartus_project_dir "C:/Users/neffk2/EE371/lab4" --jdi ../..//output_files/communication_network.jdi --sopcinfo C:/Users/neffk2/EE371/lab4/software/microproc_bsp/../../microprocessor.sopcinfo
Info: (microproc.elf) 996 Bytes program size (code + initialized data).
Info:                 3096 Bytes free for stack + heap.
Info: Creating microproc.objdump
nios2-elf-objdump --disassemble --syms --all-header --source microproc.elf >microproc.objdump
[microproc build complete]
13:36:58 **** Build of configuration Nios II for project microproc ****
make all 
Info: Building ../microproc_bsp/
C:/altera/15.1/nios2eds/bin/gnu/H-x86_64-mingw32/bin/make --no-print-directory -C ../microproc_bsp/
[BSP build complete]
[microproc build complete]
13:36:59 **** Incremental Build of configuration Nios II for project microproc ****
make all 
Info: Building ../microproc_bsp/
C:/altera/15.1/nios2eds/bin/gnu/H-x86_64-mingw32/bin/make --no-print-directory -C ../microproc_bsp/
[BSP build complete]
[microproc build complete]
13:38:28 **** Build of configuration Nios II for project microproc ****
make all 
Info: Building ../microproc_bsp/
C:/altera/15.1/nios2eds/bin/gnu/H-x86_64-mingw32/bin/make --no-print-directory -C ../microproc_bsp/
[BSP build complete]
Info: Compiling hello_world_small.c to obj/default/hello_world_small.o
nios2-elf-gcc -xc -MP -MMD -c -I../microproc_bsp//HAL/inc -I../microproc_bsp/ -I../microproc_bsp//drivers/inc  -pipe -D__hal__ -DALT_NO_C_PLUS_PLUS -DALT_NO_CLEAN_EXIT -D'exit(a)=_exit(a)' -DALT_NO_EXIT -DALT_USE_DIRECT_DRIVERS -DALT_NO_INSTRUCTION_EMULATION -DALT_USE_SMALL_DRIVERS -DSMALL_C_LIB -DALT_SINGLE_THREADED    -Os -g -Wall   -mno-hw-div -mno-hw-mul -mno-hw-mulx  -o obj/default/hello_world_small.o hello_world_small.c
Info: Linking microproc.elf
nios2-elf-g++  -T'../microproc_bsp//linker.x' -msys-crt0='../microproc_bsp//obj/HAL/src/crt0.o' -msys-lib=hal_bsp -L../microproc_bsp/  -msmallc  -Wl,-Map=microproc.map   -Os -g -Wall   -mno-hw-div -mno-hw-mul -mno-hw-mulx  -o microproc.elf obj/default/hello_world_small.o -lm -msys-lib=m
nios2-elf-insert microproc.elf --thread_model hal --cpu_name nios2 --qsys true --simulation_enabled false --stderr_dev jtag_uart --stdin_dev jtag_uart --stdout_dev jtag_uart --sopc_system_name microprocessor --quartus_project_dir "C:/Users/neffk2/EE371/lab4" --jdi ../..//output_files/communication_network.jdi --sopcinfo C:/Users/neffk2/EE371/lab4/software/microproc_bsp/../../microprocessor.sopcinfo
Info: (microproc.elf) 1024 Bytes program size (code + initialized data).
Info:                 3068 Bytes free for stack + heap.
Info: Creating microproc.objdump
nios2-elf-objdump --disassemble --syms --all-header --source microproc.elf >microproc.objdump
[microproc build complete]
13:38:29 **** Incremental Build of configuration Nios II for project microproc ****
make all 
Info: Building ../microproc_bsp/
C:/altera/15.1/nios2eds/bin/gnu/H-x86_64-mingw32/bin/make --no-print-directory -C ../microproc_bsp/
[BSP build complete]
[microproc build complete]
13:38:58 **** Build of configuration Nios II for project microproc ****
make all 
Info: Building ../microproc_bsp/
C:/altera/15.1/nios2eds/bin/gnu/H-x86_64-mingw32/bin/make --no-print-directory -C ../microproc_bsp/
[BSP build complete]
Info: Compiling hello_world_small.c to obj/default/hello_world_small.o
nios2-elf-gcc -xc -MP -MMD -c -I../microproc_bsp//HAL/inc -I../microproc_bsp/ -I../microproc_bsp//drivers/inc  -pipe -D__hal__ -DALT_NO_C_PLUS_PLUS -DALT_NO_CLEAN_EXIT -D'exit(a)=_exit(a)' -DALT_NO_EXIT -DALT_USE_DIRECT_DRIVERS -DALT_NO_INSTRUCTION_EMULATION -DALT_USE_SMALL_DRIVERS -DSMALL_C_LIB -DALT_SINGLE_THREADED    -Os -g -Wall   -mno-hw-div -mno-hw-mul -mno-hw-mulx  -o obj/default/hello_world_small.o hello_world_small.c
Info: Linking microproc.elf
nios2-elf-g++  -T'../microproc_bsp//linker.x' -msys-crt0='../microproc_bsp//obj/HAL/src/crt0.o' -msys-lib=hal_bsp -L../microproc_bsp/  -msmallc  -Wl,-Map=microproc.map   -Os -g -Wall   -mno-hw-div -mno-hw-mul -mno-hw-mulx  -o microproc.elf obj/default/hello_world_small.o -lm -msys-lib=m
nios2-elf-insert microproc.elf --thread_model hal --cpu_name nios2 --qsys true --simulation_enabled false --stderr_dev jtag_uart --stdin_dev jtag_uart --stdout_dev jtag_uart --sopc_system_name microprocessor --quartus_project_dir "C:/Users/neffk2/EE371/lab4" --jdi ../..//output_files/communication_network.jdi --sopcinfo C:/Users/neffk2/EE371/lab4/software/microproc_bsp/../../microprocessor.sopcinfo
Info: (microproc.elf) 1028 Bytes program size (code + initialized data).
Info:                 3064 Bytes free for stack + heap.
Info: Creating microproc.objdump
nios2-elf-objdump --disassemble --syms --all-header --source microproc.elf >microproc.objdump
[microproc build complete]
13:38:59 **** Incremental Build of configuration Nios II for project microproc ****
make all 
Info: Building ../microproc_bsp/
C:/altera/15.1/nios2eds/bin/gnu/H-x86_64-mingw32/bin/make --no-print-directory -C ../microproc_bsp/
[BSP build complete]
[microproc build complete]
13:40:50 **** Build of configuration Nios II for project microproc ****
make all 
Info: Building ../microproc_bsp/
C:/altera/15.1/nios2eds/bin/gnu/H-x86_64-mingw32/bin/make --no-print-directory -C ../microproc_bsp/
[BSP build complete]
Info: Compiling hello_world_small.c to obj/default/hello_world_small.o
nios2-elf-gcc -xc -MP -MMD -c -I../microproc_bsp//HAL/inc -I../microproc_bsp/ -I../microproc_bsp//drivers/inc  -pipe -D__hal__ -DALT_NO_C_PLUS_PLUS -DALT_NO_CLEAN_EXIT -D'exit(a)=_exit(a)' -DALT_NO_EXIT -DALT_USE_DIRECT_DRIVERS -DALT_NO_INSTRUCTION_EMULATION -DALT_USE_SMALL_DRIVERS -DSMALL_C_LIB -DALT_SINGLE_THREADED    -Os -g -Wall   -mno-hw-div -mno-hw-mul -mno-hw-mulx  -o obj/default/hello_world_small.o hello_world_small.c
Info: Linking microproc.elf
nios2-elf-g++  -T'../microproc_bsp//linker.x' -msys-crt0='../microproc_bsp//obj/HAL/src/crt0.o' -msys-lib=hal_bsp -L../microproc_bsp/  -msmallc  -Wl,-Map=microproc.map   -Os -g -Wall   -mno-hw-div -mno-hw-mul -mno-hw-mulx  -o microproc.elf obj/default/hello_world_small.o -lm -msys-lib=m
nios2-elf-insert microproc.elf --thread_model hal --cpu_name nios2 --qsys true --simulation_enabled false --stderr_dev jtag_uart --stdin_dev jtag_uart --stdout_dev jtag_uart --sopc_system_name microprocessor --quartus_project_dir "C:/Users/neffk2/EE371/lab4" --jdi ../..//output_files/communication_network.jdi --sopcinfo C:/Users/neffk2/EE371/lab4/software/microproc_bsp/../../microprocessor.sopcinfo
Info: (microproc.elf) 1044 Bytes program size (code + initialized data).
Info:                 3048 Bytes free for stack + heap.
Info: Creating microproc.objdump
nios2-elf-objdump --disassemble --syms --all-header --source microproc.elf >microproc.objdump
[microproc build complete]
13:40:52 **** Incremental Build of configuration Nios II for project microproc ****
make all 
Info: Building ../microproc_bsp/
C:/altera/15.1/nios2eds/bin/gnu/H-x86_64-mingw32/bin/make --no-print-directory -C ../microproc_bsp/
[BSP build complete]
[microproc build complete]
13:45:03 **** Build of configuration Nios II for project microproc ****
make all 
Info: Building ../microproc_bsp/
C:/altera/15.1/nios2eds/bin/gnu/H-x86_64-mingw32/bin/make --no-print-directory -C ../microproc_bsp/
[BSP build complete]
[microproc build complete]
13:45:04 **** Incremental Build of configuration Nios II for project microproc ****
make all 
Info: Building ../microproc_bsp/
C:/altera/15.1/nios2eds/bin/gnu/H-x86_64-mingw32/bin/make --no-print-directory -C ../microproc_bsp/
[BSP build complete]
[microproc build complete]
14:04:15 **** Build of configuration Nios II for project microproc ****
make all 
Info: Building ../microproc_bsp/
C:/altera/15.1/nios2eds/bin/gnu/H-x86_64-mingw32/bin/make --no-print-directory -C ../microproc_bsp/
[BSP build complete]
[microproc build complete]
14:04:19 **** Incremental Build of configuration Nios II for project microproc ****
make all 
Info: Building ../microproc_bsp/
C:/altera/15.1/nios2eds/bin/gnu/H-x86_64-mingw32/bin/make --no-print-directory -C ../microproc_bsp/
[BSP build complete]
Info: Compiling hello_world_small.c to obj/default/hello_world_small.o
nios2-elf-gcc -xc -MP -MMD -c -I../microproc_bsp//HAL/inc -I../microproc_bsp/ -I../microproc_bsp//drivers/inc  -pipe -D__hal__ -DALT_NO_C_PLUS_PLUS -DALT_NO_CLEAN_EXIT -D'exit(a)=_exit(a)' -DALT_NO_EXIT -DALT_USE_DIRECT_DRIVERS -DALT_NO_INSTRUCTION_EMULATION -DALT_USE_SMALL_DRIVERS -DSMALL_C_LIB -DALT_SINGLE_THREADED    -Os -g -Wall   -mno-hw-div -mno-hw-mul -mno-hw-mulx  -o obj/default/hello_world_small.o hello_world_small.c
Info: Linking microproc.elf
nios2-elf-g++  -T'../microproc_bsp//linker.x' -msys-crt0='../microproc_bsp//obj/HAL/src/crt0.o' -msys-lib=hal_bsp -L../microproc_bsp/  -msmallc  -Wl,-Map=microproc.map   -Os -g -Wall   -mno-hw-div -mno-hw-mul -mno-hw-mulx  -o microproc.elf obj/default/hello_world_small.o -lm -msys-lib=m
nios2-elf-insert microproc.elf --thread_model hal --cpu_name nios2 --qsys true --simulation_enabled false --stderr_dev jtag_uart --stdin_dev jtag_uart --stdout_dev jtag_uart --sopc_system_name microprocessor --quartus_project_dir "C:/Users/neffk2/EE371/lab4" --jdi ../..//output_files/communication_network.jdi --sopcinfo C:/Users/neffk2/EE371/lab4/software/microproc_bsp/../../microprocessor.sopcinfo
Info: (microproc.elf) 1048 Bytes program size (code + initialized data).
Info:                 3044 Bytes free for stack + heap.
Info: Creating microproc.objdump
nios2-elf-objdump --disassemble --syms --all-header --source microproc.elf >microproc.objdump
[microproc build complete]
14:04:54 **** Build of configuration Nios II for project microproc ****
make all 
Info: Building ../microproc_bsp/
C:/altera/15.1/nios2eds/bin/gnu/H-x86_64-mingw32/bin/make --no-print-directory -C ../microproc_bsp/
[BSP build complete]
[microproc build complete]
14:04:55 **** Incremental Build of configuration Nios II for project microproc ****
make all 
Info: Building ../microproc_bsp/
C:/altera/15.1/nios2eds/bin/gnu/H-x86_64-mingw32/bin/make --no-print-directory -C ../microproc_bsp/
[BSP build complete]
[microproc build complete]
14:27:41 **** Build of configuration Nios II for project microproc ****
make all 
Info: Building ../microproc_bsp/
C:/altera/15.1/nios2eds/bin/gnu/H-x86_64-mingw32/bin/make --no-print-directory -C ../microproc_bsp/
[BSP build complete]
[microproc build complete]
14:27:42 **** Incremental Build of configuration Nios II for project microproc ****
make all 
Info: Building ../microproc_bsp/
C:/altera/15.1/nios2eds/bin/gnu/H-x86_64-mingw32/bin/make --no-print-directory -C ../microproc_bsp/
[BSP build complete]
[microproc build complete]
14:28:51 **** Build of configuration Nios II for project microproc ****
make all 
Info: Building ../microproc_bsp/
C:/altera/15.1/nios2eds/bin/gnu/H-x86_64-mingw32/bin/make --no-print-directory -C ../microproc_bsp/
[BSP build complete]
Info: Compiling hello_world_small.c to obj/default/hello_world_small.o
nios2-elf-gcc -xc -MP -MMD -c -I../microproc_bsp//HAL/inc -I../microproc_bsp/ -I../microproc_bsp//drivers/inc  -pipe -D__hal__ -DALT_NO_C_PLUS_PLUS -DALT_NO_CLEAN_EXIT -D'exit(a)=_exit(a)' -DALT_NO_EXIT -DALT_USE_DIRECT_DRIVERS -DALT_NO_INSTRUCTION_EMULATION -DALT_USE_SMALL_DRIVERS -DSMALL_C_LIB -DALT_SINGLE_THREADED    -Os -g -Wall   -mno-hw-div -mno-hw-mul -mno-hw-mulx  -o obj/default/hello_world_small.o hello_world_small.c
Info: Linking microproc.elf
nios2-elf-g++  -T'../microproc_bsp//linker.x' -msys-crt0='../microproc_bsp//obj/HAL/src/crt0.o' -msys-lib=hal_bsp -L../microproc_bsp/  -msmallc  -Wl,-Map=microproc.map   -Os -g -Wall   -mno-hw-div -mno-hw-mul -mno-hw-mulx  -o microproc.elf obj/default/hello_world_small.o -lm -msys-lib=m
nios2-elf-insert microproc.elf --thread_model hal --cpu_name nios2 --qsys true --simulation_enabled false --stderr_dev jtag_uart --stdin_dev jtag_uart --stdout_dev jtag_uart --sopc_system_name microprocessor --quartus_project_dir "C:/Users/neffk2/EE371/lab4" --jdi ../..//output_files/communication_network.jdi --sopcinfo C:/Users/neffk2/EE371/lab4/software/microproc_bsp/../../microprocessor.sopcinfo
Info: (microproc.elf) 1104 Bytes program size (code + initialized data).
Info:                 2988 Bytes free for stack + heap.
Info: Creating microproc.objdump
nios2-elf-objdump --disassemble --syms --all-header --source microproc.elf >microproc.objdump
[microproc build complete]
14:28:52 **** Incremental Build of configuration Nios II for project microproc ****
make all 
Info: Building ../microproc_bsp/
C:/altera/15.1/nios2eds/bin/gnu/H-x86_64-mingw32/bin/make --no-print-directory -C ../microproc_bsp/
[BSP build complete]
[microproc build complete]
14:35:01 **** Build of configuration Nios II for project microproc ****
make all 
Info: Building ../microproc_bsp/
C:/altera/15.1/nios2eds/bin/gnu/H-x86_64-mingw32/bin/make --no-print-directory -C ../microproc_bsp/
[BSP build complete]
Info: Compiling hello_world_small.c to obj/default/hello_world_small.o
nios2-elf-gcc -xc -MP -MMD -c -I../microproc_bsp//HAL/inc -I../microproc_bsp/ -I../microproc_bsp//drivers/inc  -pipe -D__hal__ -DALT_NO_C_PLUS_PLUS -DALT_NO_CLEAN_EXIT -D'exit(a)=_exit(a)' -DALT_NO_EXIT -DALT_USE_DIRECT_DRIVERS -DALT_NO_INSTRUCTION_EMULATION -DALT_USE_SMALL_DRIVERS -DSMALL_C_LIB -DALT_SINGLE_THREADED    -Os -g -Wall   -mno-hw-div -mno-hw-mul -mno-hw-mulx  -o obj/default/hello_world_small.o hello_world_small.c
Info: Linking microproc.elf
nios2-elf-g++  -T'../microproc_bsp//linker.x' -msys-crt0='../microproc_bsp//obj/HAL/src/crt0.o' -msys-lib=hal_bsp -L../microproc_bsp/  -msmallc  -Wl,-Map=microproc.map   -Os -g -Wall   -mno-hw-div -mno-hw-mul -mno-hw-mulx  -o microproc.elf obj/default/hello_world_small.o -lm -msys-lib=m
nios2-elf-insert microproc.elf --thread_model hal --cpu_name nios2 --qsys true --simulation_enabled false --stderr_dev jtag_uart --stdin_dev jtag_uart --stdout_dev jtag_uart --sopc_system_name microprocessor --quartus_project_dir "C:/Users/neffk2/EE371/lab4" --jdi ../..//output_files/communication_network.jdi --sopcinfo C:/Users/neffk2/EE371/lab4/software/microproc_bsp/../../microprocessor.sopcinfo
Info: (microproc.elf) 1036 Bytes program size (code + initialized data).
Info:                 3056 Bytes free for stack + heap.
Info: Creating microproc.objdump
nios2-elf-objdump --disassemble --syms --all-header --source microproc.elf >microproc.objdump
[microproc build complete]
14:35:02 **** Incremental Build of configuration Nios II for project microproc ****
make all 
Info: Building ../microproc_bsp/
C:/altera/15.1/nios2eds/bin/gnu/H-x86_64-mingw32/bin/make --no-print-directory -C ../microproc_bsp/
[BSP build complete]
[microproc build complete]
14:36:02 **** Build of configuration Nios II for project microproc ****
make all 
Info: Building ../microproc_bsp/
C:/altera/15.1/nios2eds/bin/gnu/H-x86_64-mingw32/bin/make --no-print-directory -C ../microproc_bsp/
[BSP build complete]
Info: Compiling hello_world_small.c to obj/default/hello_world_small.o
nios2-elf-gcc -xc -MP -MMD -c -I../microproc_bsp//HAL/inc -I../microproc_bsp/ -I../microproc_bsp//drivers/inc  -pipe -D__hal__ -DALT_NO_C_PLUS_PLUS -DALT_NO_CLEAN_EXIT -D'exit(a)=_exit(a)' -DALT_NO_EXIT -DALT_USE_DIRECT_DRIVERS -DALT_NO_INSTRUCTION_EMULATION -DALT_USE_SMALL_DRIVERS -DSMALL_C_LIB -DALT_SINGLE_THREADED    -Os -g -Wall   -mno-hw-div -mno-hw-mul -mno-hw-mulx  -o obj/default/hello_world_small.o hello_world_small.c
Info: Linking microproc.elf
nios2-elf-g++  -T'../microproc_bsp//linker.x' -msys-crt0='../microproc_bsp//obj/HAL/src/crt0.o' -msys-lib=hal_bsp -L../microproc_bsp/  -msmallc  -Wl,-Map=microproc.map   -Os -g -Wall   -mno-hw-div -mno-hw-mul -mno-hw-mulx  -o microproc.elf obj/default/hello_world_small.o -lm -msys-lib=m
nios2-elf-insert microproc.elf --thread_model hal --cpu_name nios2 --qsys true --simulation_enabled false --stderr_dev jtag_uart --stdin_dev jtag_uart --stdout_dev jtag_uart --sopc_system_name microprocessor --quartus_project_dir "C:/Users/neffk2/EE371/lab4" --jdi ../..//output_files/communication_network.jdi --sopcinfo C:/Users/neffk2/EE371/lab4/software/microproc_bsp/../../microprocessor.sopcinfo
Info: (microproc.elf) 1028 Bytes program size (code + initialized data).
Info:                 3064 Bytes free for stack + heap.
Info: Creating microproc.objdump
nios2-elf-objdump --disassemble --syms --all-header --source microproc.elf >microproc.objdump
[microproc build complete]
14:36:03 **** Incremental Build of configuration Nios II for project microproc ****
make all 
Info: Building ../microproc_bsp/
C:/altera/15.1/nios2eds/bin/gnu/H-x86_64-mingw32/bin/make --no-print-directory -C ../microproc_bsp/
[BSP build complete]
[microproc build complete]
14:37:01 **** Build of configuration Nios II for project microproc ****
make all 
Info: Building ../microproc_bsp/
C:/altera/15.1/nios2eds/bin/gnu/H-x86_64-mingw32/bin/make --no-print-directory -C ../microproc_bsp/
[BSP build complete]
[microproc build complete]
14:37:04 **** Incremental Build of configuration Nios II for project microproc ****
make all 
Info: Building ../microproc_bsp/
C:/altera/15.1/nios2eds/bin/gnu/H-x86_64-mingw32/bin/make --no-print-directory -C ../microproc_bsp/
[BSP build complete]
Info: Compiling hello_world_small.c to obj/default/hello_world_small.o
nios2-elf-gcc -xc -MP -MMD -c -I../microproc_bsp//HAL/inc -I../microproc_bsp/ -I../microproc_bsp//drivers/inc  -pipe -D__hal__ -DALT_NO_C_PLUS_PLUS -DALT_NO_CLEAN_EXIT -D'exit(a)=_exit(a)' -DALT_NO_EXIT -DALT_USE_DIRECT_DRIVERS -DALT_NO_INSTRUCTION_EMULATION -DALT_USE_SMALL_DRIVERS -DSMALL_C_LIB -DALT_SINGLE_THREADED    -Os -g -Wall   -mno-hw-div -mno-hw-mul -mno-hw-mulx  -o obj/default/hello_world_small.o hello_world_small.c
Info: Linking microproc.elf
nios2-elf-g++  -T'../microproc_bsp//linker.x' -msys-crt0='../microproc_bsp//obj/HAL/src/crt0.o' -msys-lib=hal_bsp -L../microproc_bsp/  -msmallc  -Wl,-Map=microproc.map   -Os -g -Wall   -mno-hw-div -mno-hw-mul -mno-hw-mulx  -o microproc.elf obj/default/hello_world_small.o -lm -msys-lib=m
nios2-elf-insert microproc.elf --thread_model hal --cpu_name nios2 --qsys true --simulation_enabled false --stderr_dev jtag_uart --stdin_dev jtag_uart --stdout_dev jtag_uart --sopc_system_name microprocessor --quartus_project_dir "C:/Users/neffk2/EE371/lab4" --jdi ../..//output_files/communication_network.jdi --sopcinfo C:/Users/neffk2/EE371/lab4/software/microproc_bsp/../../microprocessor.sopcinfo
Info: (microproc.elf) 1028 Bytes program size (code + initialized data).
Info:                 3064 Bytes free for stack + heap.
Info: Creating microproc.objdump
nios2-elf-objdump --disassemble --syms --all-header --source microproc.elf >microproc.objdump
[microproc build complete]
14:37:31 **** Build of configuration Nios II for project microproc ****
make all 
Info: Building ../microproc_bsp/
C:/altera/15.1/nios2eds/bin/gnu/H-x86_64-mingw32/bin/make --no-print-directory -C ../microproc_bsp/
[BSP build complete]
[microproc build complete]
14:37:32 **** Incremental Build of configuration Nios II for project microproc ****
make all 
Info: Building ../microproc_bsp/
C:/altera/15.1/nios2eds/bin/gnu/H-x86_64-mingw32/bin/make --no-print-directory -C ../microproc_bsp/
[BSP build complete]
[microproc build complete]
14:39:38 **** Build of configuration Nios II for project microproc ****
make all 
Info: Building ../microproc_bsp/
C:/altera/15.1/nios2eds/bin/gnu/H-x86_64-mingw32/bin/make --no-print-directory -C ../microproc_bsp/
[BSP build complete]
[microproc build complete]
14:39:40 **** Incremental Build of configuration Nios II for project microproc ****
make all 
Info: Building ../microproc_bsp/
C:/altera/15.1/nios2eds/bin/gnu/H-x86_64-mingw32/bin/make --no-print-directory -C ../microproc_bsp/
[BSP build complete]
[microproc build complete]
14:40:50 **** Build of configuration Nios II for project microproc ****
make all 
Info: Building ../microproc_bsp/
C:/altera/15.1/nios2eds/bin/gnu/H-x86_64-mingw32/bin/make --no-print-directory -C ../microproc_bsp/
[BSP build complete]
[microproc build complete]
14:40:51 **** Incremental Build of configuration Nios II for project microproc ****
make all 
Info: Building ../microproc_bsp/
C:/altera/15.1/nios2eds/bin/gnu/H-x86_64-mingw32/bin/make --no-print-directory -C ../microproc_bsp/
[BSP build complete]
[microproc build complete]
16:03:57 **** Build of configuration Nios II for project microproc ****
make all 
Info: Building ../microproc_bsp/
C:/altera/15.1/nios2eds/bin/gnu/H-x86_64-mingw32/bin/make --no-print-directory -C ../microproc_bsp/
[BSP build complete]
[microproc build complete]
16:03:58 **** Incremental Build of configuration Nios II for project microproc ****
make all 
Info: Building ../microproc_bsp/
C:/altera/15.1/nios2eds/bin/gnu/H-x86_64-mingw32/bin/make --no-print-directory -C ../microproc_bsp/
[BSP build complete]
[microproc build complete]
16:04:50 **** Build of configuration Nios II for project microproc ****
make all 
Info: Building ../microproc_bsp/
C:/altera/15.1/nios2eds/bin/gnu/H-x86_64-mingw32/bin/make --no-print-directory -C ../microproc_bsp/
[BSP build complete]
Info: Compiling hello_world_small.c to obj/default/hello_world_small.o
nios2-elf-gcc -xc -MP -MMD -c -I../microproc_bsp//HAL/inc -I../microproc_bsp/ -I../microproc_bsp//drivers/inc  -pipe -D__hal__ -DALT_NO_C_PLUS_PLUS -DALT_NO_CLEAN_EXIT -D'exit(a)=_exit(a)' -DALT_NO_EXIT -DALT_USE_DIRECT_DRIVERS -DALT_NO_INSTRUCTION_EMULATION -DALT_USE_SMALL_DRIVERS -DSMALL_C_LIB -DALT_SINGLE_THREADED    -Os -g -Wall   -mno-hw-div -mno-hw-mul -mno-hw-mulx  -o obj/default/hello_world_small.o hello_world_small.c
Info: Linking microproc.elf
nios2-elf-g++  -T'../microproc_bsp//linker.x' -msys-crt0='../microproc_bsp//obj/HAL/src/crt0.o' -msys-lib=hal_bsp -L../microproc_bsp/  -msmallc  -Wl,-Map=microproc.map   -Os -g -Wall   -mno-hw-div -mno-hw-mul -mno-hw-mulx  -o microproc.elf obj/default/hello_world_small.o -lm -msys-lib=m
nios2-elf-insert microproc.elf --thread_model hal --cpu_name nios2 --qsys true --simulation_enabled false --stderr_dev jtag_uart --stdin_dev jtag_uart --stdout_dev jtag_uart --sopc_system_name microprocessor --quartus_project_dir "C:/Users/neffk2/EE371/lab4" --jdi ../..//output_files/communication_network.jdi --sopcinfo C:/Users/neffk2/EE371/lab4/software/microproc_bsp/../../microprocessor.sopcinfo
Info: (microproc.elf) 1024 Bytes program size (code + initialized data).
Info:                 3068 Bytes free for stack + heap.
Info: Creating microproc.objdump
nios2-elf-objdump --disassemble --syms --all-header --source microproc.elf >microproc.objdump
[microproc build complete]
16:04:51 **** Incremental Build of configuration Nios II for project microproc ****
make all 
Info: Building ../microproc_bsp/
C:/altera/15.1/nios2eds/bin/gnu/H-x86_64-mingw32/bin/make --no-print-directory -C ../microproc_bsp/
[BSP build complete]
[microproc build complete]
18:50:05 **** Build of configuration Nios II for project microproc ****
make all 
Info: Building ../microproc_bsp/
C:/altera/15.1/nios2eds/bin/gnu/H-x86_64-mingw32/bin/make --no-print-directory -C ../microproc_bsp/
[BSP build complete]
[microproc build complete]
18:50:07 **** Incremental Build of configuration Nios II for project microproc ****
make all 
Info: Building ../microproc_bsp/
C:/altera/15.1/nios2eds/bin/gnu/H-x86_64-mingw32/bin/make --no-print-directory -C ../microproc_bsp/
[BSP build complete]
[microproc build complete]
18:50:55 **** Build of configuration Nios II for project microproc ****
make all 
Info: Building ../microproc_bsp/
C:/altera/15.1/nios2eds/bin/gnu/H-x86_64-mingw32/bin/make --no-print-directory -C ../microproc_bsp/
[BSP build complete]
Info: Compiling hello_world_small.c to obj/default/hello_world_small.o
nios2-elf-gcc -xc -MP -MMD -c -I../microproc_bsp//HAL/inc -I../microproc_bsp/ -I../microproc_bsp//drivers/inc  -pipe -D__hal__ -DALT_NO_C_PLUS_PLUS -DALT_NO_CLEAN_EXIT -D'exit(a)=_exit(a)' -DALT_NO_EXIT -DALT_USE_DIRECT_DRIVERS -DALT_NO_INSTRUCTION_EMULATION -DALT_USE_SMALL_DRIVERS -DSMALL_C_LIB -DALT_SINGLE_THREADED    -Os -g -Wall   -mno-hw-div -mno-hw-mul -mno-hw-mulx  -o obj/default/hello_world_small.o hello_world_small.c
Info: Linking microproc.elf
nios2-elf-g++  -T'../microproc_bsp//linker.x' -msys-crt0='../microproc_bsp//obj/HAL/src/crt0.o' -msys-lib=hal_bsp -L../microproc_bsp/  -msmallc  -Wl,-Map=microproc.map   -Os -g -Wall   -mno-hw-div -mno-hw-mul -mno-hw-mulx  -o microproc.elf obj/default/hello_world_small.o -lm -msys-lib=m
nios2-elf-insert microproc.elf --thread_model hal --cpu_name nios2 --qsys true --simulation_enabled false --stderr_dev jtag_uart --stdin_dev jtag_uart --stdout_dev jtag_uart --sopc_system_name microprocessor --quartus_project_dir "C:/Users/neffk2/EE371/lab4" --jdi ../..//output_files/communication_network.jdi --sopcinfo C:/Users/neffk2/EE371/lab4/software/microproc_bsp/../../microprocessor.sopcinfo
Info: (microproc.elf) 1040 Bytes program size (code + initialized data).
Info:                 3052 Bytes free for stack + heap.
Info: Creating microproc.objdump
nios2-elf-objdump --disassemble --syms --all-header --source microproc.elf >microproc.objdump
[microproc build complete]
18:50:58 **** Incremental Build of configuration Nios II for project microproc ****
make all 
Info: Building ../microproc_bsp/
C:/altera/15.1/nios2eds/bin/gnu/H-x86_64-mingw32/bin/make --no-print-directory -C ../microproc_bsp/
[BSP build complete]
[microproc build complete]
18:52:18 **** Build of configuration Nios II for project microproc ****
make all 
Info: Building ../microproc_bsp/
C:/altera/15.1/nios2eds/bin/gnu/H-x86_64-mingw32/bin/make --no-print-directory -C ../microproc_bsp/
[BSP build complete]
Info: Compiling hello_world_small.c to obj/default/hello_world_small.o
nios2-elf-gcc -xc -MP -MMD -c -I../microproc_bsp//HAL/inc -I../microproc_bsp/ -I../microproc_bsp//drivers/inc  -pipe -D__hal__ -DALT_NO_C_PLUS_PLUS -DALT_NO_CLEAN_EXIT -D'exit(a)=_exit(a)' -DALT_NO_EXIT -DALT_USE_DIRECT_DRIVERS -DALT_NO_INSTRUCTION_EMULATION -DALT_USE_SMALL_DRIVERS -DSMALL_C_LIB -DALT_SINGLE_THREADED    -Os -g -Wall   -mno-hw-div -mno-hw-mul -mno-hw-mulx  -o obj/default/hello_world_small.o hello_world_small.c
Info: Linking microproc.elf
nios2-elf-g++  -T'../microproc_bsp//linker.x' -msys-crt0='../microproc_bsp//obj/HAL/src/crt0.o' -msys-lib=hal_bsp -L../microproc_bsp/  -msmallc  -Wl,-Map=microproc.map   -Os -g -Wall   -mno-hw-div -mno-hw-mul -mno-hw-mulx  -o microproc.elf obj/default/hello_world_small.o -lm -msys-lib=m
nios2-elf-insert microproc.elf --thread_model hal --cpu_name nios2 --qsys true --simulation_enabled false --stderr_dev jtag_uart --stdin_dev jtag_uart --stdout_dev jtag_uart --sopc_system_name microprocessor --quartus_project_dir "C:/Users/neffk2/EE371/lab4" --jdi ../..//output_files/communication_network.jdi --sopcinfo C:/Users/neffk2/EE371/lab4/software/microproc_bsp/../../microprocessor.sopcinfo
Info: (microproc.elf) 1024 Bytes program size (code + initialized data).
Info:                 3068 Bytes free for stack + heap.
Info: Creating microproc.objdump
nios2-elf-objdump --disassemble --syms --all-header --source microproc.elf >microproc.objdump
[microproc build complete]
18:52:19 **** Incremental Build of configuration Nios II for project microproc ****
make all 
Info: Building ../microproc_bsp/
C:/altera/15.1/nios2eds/bin/gnu/H-x86_64-mingw32/bin/make --no-print-directory -C ../microproc_bsp/
[BSP build complete]
[microproc build complete]
19:47:33 **** Build of configuration Nios II for project microproc ****
make all 
Info: Building ../microproc_bsp/
C:/altera/15.1/nios2eds/bin/gnu/H-x86_64-mingw32/bin/make --no-print-directory -C ../microproc_bsp/
[BSP build complete]
[microproc build complete]
19:47:35 **** Incremental Build of configuration Nios II for project microproc ****
make all 
Info: Building ../microproc_bsp/
C:/altera/15.1/nios2eds/bin/gnu/H-x86_64-mingw32/bin/make --no-print-directory -C ../microproc_bsp/
[BSP build complete]
[microproc build complete]
20:02:24 **** Build of configuration Nios II for project microproc ****
make all 
Info: Building ../microproc_bsp/
C:/altera/15.1/nios2eds/bin/gnu/H-x86_64-mingw32/bin/make --no-print-directory -C ../microproc_bsp/
[BSP build complete]
[microproc build complete]
20:02:25 **** Incremental Build of configuration Nios II for project microproc ****
make all 
Info: Building ../microproc_bsp/
C:/altera/15.1/nios2eds/bin/gnu/H-x86_64-mingw32/bin/make --no-print-directory -C ../microproc_bsp/
[BSP build complete]
[microproc build complete]
