#! /c/iverilog/bin/vvp
:ivl_version "0.9.7 " "(v0_9_7)";
:vpi_time_precision + 0;
:vpi_module "system";
:vpi_module "v2005_math";
:vpi_module "va_math";
S_005A31D0 .scope module, "DE1_Top" "DE1_Top" 2 8;
 .timescale 0 0;
v00600868_0 .net "CLK", 0 0, v005A45F8_0; 1 drivers
v006008C0_0 .net "HEX0", 6 0, L_005CA168; 1 drivers
v00600918_0 .net "HEX1", 6 0, L_005CA0C0; 1 drivers
v00600970_0 .net "KEY", 3 0, v005B9000_0; 1 drivers
RS_005CDAD4/0/0 .resolv tri, L_00600A78, L_00600B28, L_00600BD8, L_00600C88;
RS_005CDAD4/0/4 .resolv tri, L_00600CE0, L_00600D38, C4<zzzzzzzzzz>, C4<zzzzzzzzzz>;
RS_005CDAD4 .resolv tri, RS_005CDAD4/0/0, RS_005CDAD4/0/4, C4<zzzzzzzzzz>, C4<zzzzzzzzzz>;
v006009C8_0 .net8 "LEDR", 9 0, RS_005CDAD4; 6 drivers
v00600A20_0 .net "SW", 9 0, v005FEB20_0; 1 drivers
S_005A3038 .scope module, "DE1board" "DE1_SoC" 2 15, 3 3, S_005A31D0;
 .timescale 0 0;
L_005CA0C0 .functor BUFZ 7, v005FF360_0, C4<0000000>, C4<0000000>, C4<0000000>;
L_005CA168 .functor BUFZ 7, v005FF3B8_0, C4<0000000>, C4<0000000>, C4<0000000>;
v006000D8_0 .alias "CLK", 0 0, v00600868_0;
v00600130_0 .alias "HEX0", 6 0, v006008C0_0;
v00600188_0 .alias "HEX1", 6 0, v00600918_0;
v006001E0_0 .alias "KEY", 3 0, v00600970_0;
v00600238_0 .alias "LEDR", 9 0, v006009C8_0;
v00600290_0 .alias "SW", 9 0, v00600A20_0;
v006002E8_0 .net *"_s11", 0 0, L_00600B80; 1 drivers
v00600340_0 .net *"_s15", 1 0, L_00600C30; 1 drivers
v00600398_0 .net *"_s43", 0 0, L_006018D8; 1 drivers
v006003F0_0 .net *"_s49", 0 0, L_00601988; 1 drivers
v00600448_0 .net *"_s7", 0 0, L_00600AD0; 1 drivers
v006004A0_0 .net "drainFinished", 0 0, v005FEE38_0; 1 drivers
v006004F8_0 .net "drainVal", 3 0, v005FEF40_0; 1 drivers
v00600550_0 .net "draining", 0 0, v005FF678_0; 1 drivers
v006005A8_0 .net "fillFinished", 0 0, v005FF048_0; 1 drivers
v00600600_0 .net "fillVal", 3 0, v005FF150_0; 1 drivers
v00600658_0 .net "filling", 0 0, v005FF780_0; 1 drivers
v006006B0_0 .net "letter", 6 0, v005FF360_0; 1 drivers
v00600708_0 .net "number", 6 0, v005FF3B8_0; 1 drivers
v00600760_0 .net "waitFinished", 0 0, v005FEC28_0; 1 drivers
v006007B8_0 .net "waitVal", 3 0, v005FED30_0; 1 drivers
v00600810_0 .net "waiting", 0 0, v00600080_0; 1 drivers
L_00600A78 .part/pv L_00600AD0, 9, 1, 10;
L_00600AD0 .part v005FEB20_0, 9, 1;
L_00600B28 .part/pv L_00600B80, 8, 1, 10;
L_00600B80 .part v005FEB20_0, 8, 1;
L_00600BD8 .part/pv L_00600C30, 0, 2, 10;
L_00600C30 .part v005FEB20_0, 0, 2;
L_00600C88 .part/pv v005FF888_0, 3, 1, 10;
L_00600CE0 .part/pv v005FF990_0, 2, 1, 10;
L_00600D38 .part/pv v005FFFD0_0, 4, 4, 10;
L_00600D90 .part v005FEB20_0, 1, 1;
L_00600DE8 .part v005FEB20_0, 0, 1;
L_00600E40 .part v005FEB20_0, 9, 1;
L_006016C8 .part v005FEB20_0, 8, 1;
L_00601720 .part v005B9000_0, 2, 1;
L_00601778 .part v005B9000_0, 1, 1;
L_006017D0 .part v005FEB20_0, 3, 1;
L_00601828 .part v005FEB20_0, 2, 1;
L_00601880 .part v005B9000_0, 0, 1;
L_006018D8 .part v005B9000_0, 1, 1;
L_00601930 .reduce/nor L_006018D8;
L_00601988 .part v005B9000_0, 2, 1;
L_006019E0 .reduce/nor L_00601988;
S_005A2D08 .scope module, "inter" "interlock" 3 25, 4 2, S_005A3038;
 .timescale 0 0;
P_00B72B04 .param/l "bufferState" 4 27, C4<1111>;
P_00B72B18 .param/l "closedHigh" 4 18, C4<0101>;
P_00B72B2C .param/l "closedLow" 4 18, C4<0100>;
P_00B72B40 .param/l "closedLowIn" 4 25, C4<1110>;
P_00B72B54 .param/l "doorStatus" 4 24, C4<0010>;
P_00B72B68 .param/l "i" 4 26, C4<1111001>;
P_00B72B7C .param/l "innerOpen" 4 19, C4<0111>;
P_00B72B90 .param/l "n" 4 26, C4<1001000>;
P_00B72BA4 .param/l "off" 4 26, C4<1111111>;
P_00B72BB8 .param/l "outerOpen" 4 19, C4<0110>;
P_00B72BCC .param/l "pressureStatus" 4 23, C4<0001>;
P_00B72BE0 .param/l "resetting" 4 23, C4<0000>;
P_00B72BF4 .param/l "swChkInClose" 4 21, C4<1011>;
P_00B72C08 .param/l "swChkInOpen" 4 21, C4<1010>;
P_00B72C1C .param/l "swChkOutClose" 4 20, C4<1001>;
P_00B72C30 .param/l "swChkOutOpen" 4 20, C4<1000>;
P_00B72C44 .param/l "timerDrain" 4 22, C4<1101>;
P_00B72C58 .param/l "timerFill" 4 22, C4<1100>;
P_00B72C6C .param/l "waiting5" 4 24, C4<0011>;
L_00600F00 .functor NOT 1, L_00601880, C4<0>, C4<0>, C4<0>;
v005FF4C0_0 .net "bathArriving", 0 0, L_00600DE8; 1 drivers
v005FF518_0 .net "bathLeaving", 0 0, L_00600D90; 1 drivers
v005FF570_0 .alias "clk", 0 0, v00600868_0;
v005FF5C8_0 .net "drain", 0 0, L_00601720; 1 drivers
v005FF620_0 .alias "drainFinished", 0 0, v006004A0_0;
v005FF678_0 .var "draining", 0 0;
v005FF6D0_0 .net "fill", 0 0, L_00601778; 1 drivers
v005FF728_0 .alias "fillFinished", 0 0, v006005A8_0;
v005FF780_0 .var "filling", 0 0;
v005FF7D8_0 .var "h4", 0 0;
v005FF830_0 .var "h5", 0 0;
v005FF888_0 .var "innerDoor", 0 0;
v005FF8E0_0 .net "innerDoorSwitch", 0 0, L_006017D0; 1 drivers
v005FF938_0 .net "nReset", 0 0, L_00600F00; 1 drivers
v005FF990_0 .var "outerDoor", 0 0;
v005FF9E8_0 .net "outerDoorSwitch", 0 0, L_00601828; 1 drivers
v005FFA40_0 .net "personCheck", 0 0, L_00600E40; 1 drivers
v005FFEC8_0 .net "pressureCheck", 0 0, L_006016C8; 1 drivers
v005FFF20_0 .var "ps", 3 0;
v005FFF78_0 .net "reset", 0 0, L_00601880; 1 drivers
v005FFFD0_0 .var "resetLeds", 3 0;
v00600028_0 .alias "waitFinished", 0 0, v00600760_0;
v00600080_0 .var "waiting", 0 0;
S_005A2D90 .scope module, "disp" "display" 3 32, 5 3, S_005A3038;
 .timescale 0 0;
v005FF1A8_0 .alias "clk", 0 0, v00600868_0;
v005FF200_0 .alias "drainVal", 3 0, v006004F8_0;
v005FF258_0 .alias "draining", 0 0, v00600550_0;
v005FF2B0_0 .alias "fillVal", 3 0, v00600600_0;
v005FF308_0 .alias "filling", 0 0, v00600658_0;
v005FF360_0 .var "letter", 6 0;
v005FF3B8_0 .var "num", 6 0;
v005FF410_0 .alias "waitVal", 3 0, v006007B8_0;
v005FF468_0 .alias "waiting", 0 0, v00600810_0;
S_005A2E18 .scope module, "pressureize" "timer" 3 35, 6 3, S_005A3038;
 .timescale 0 0;
v005FEF98_0 .net "change", 0 0, L_00601930; 1 drivers
v005FEFF0_0 .alias "clk", 0 0, v00600868_0;
v005FF048_0 .var "finished", 0 0;
v005FF0A0_0 .alias "start", 0 0, v00600658_0;
v005FF0F8_0 .net "startingVal", 3 0, C4<0111>; 1 drivers
v005FF150_0 .var "val", 3 0;
S_005A2EA0 .scope module, "depressurize" "timer" 3 37, 6 3, S_005A3038;
 .timescale 0 0;
v005FED88_0 .net "change", 0 0, L_006019E0; 1 drivers
v005FEDE0_0 .alias "clk", 0 0, v00600868_0;
v005FEE38_0 .var "finished", 0 0;
v005FEE90_0 .alias "start", 0 0, v00600550_0;
v005FEEE8_0 .net "startingVal", 3 0, C4<1000>; 1 drivers
v005FEF40_0 .var "val", 3 0;
S_005A2FB0 .scope module, "waiting5Sec" "timer" 3 39, 6 3, S_005A3038;
 .timescale 0 0;
v005FEB78_0 .net "change", 0 0, C4<1>; 1 drivers
v005FEBD0_0 .alias "clk", 0 0, v00600868_0;
v005FEC28_0 .var "finished", 0 0;
v005FEC80_0 .alias "start", 0 0, v00600810_0;
v005FECD8_0 .net "startingVal", 3 0, C4<0101>; 1 drivers
v005FED30_0 .var "val", 3 0;
E_005A6510 .event posedge, v005A45F8_0;
S_005A3148 .scope module, "DE1Test" "tester" 2 17, 2 28, S_005A31D0;
 .timescale 0 0;
P_005A6154 .param/l "stimDelay" 2 35, +C4<010100>;
v005A45F8_0 .var "clk", 0 0;
v005B9000_0 .var "key", 3 0;
v005FEAC8_0 .alias "led", 9 0, v006009C8_0;
v005FEB20_0 .var "sw", 9 0;
    .scope S_005A2D08;
T_0 ;
    %wait E_005A6510;
    %load/v 8, v005FF938_0, 1;
    %jmp/0xz  T_0.0, 8;
    %ix/load 0, 4, 0;
    %assign/v0 v005FFF20_0, 0, 0;
    %ix/load 0, 4, 0;
    %assign/v0 v005FFFD0_0, 0, 1;
    %ix/load 0, 1, 0;
    %assign/v0 v005FF888_0, 0, 1;
    %ix/load 0, 1, 0;
    %assign/v0 v005FF990_0, 0, 1;
    %ix/load 0, 1, 0;
    %assign/v0 v005FF678_0, 0, 0;
    %ix/load 0, 1, 0;
    %assign/v0 v005FF780_0, 0, 0;
    %jmp T_0.1;
T_0.0 ;
    %load/v 8, v005FFF20_0, 4;
    %cmpi/u 8, 0, 4;
    %jmp/1 T_0.2, 6;
    %cmpi/u 8, 2, 4;
    %jmp/1 T_0.3, 6;
    %cmpi/u 8, 1, 4;
    %jmp/1 T_0.4, 6;
    %cmpi/u 8, 4, 4;
    %jmp/1 T_0.5, 6;
    %cmpi/u 8, 14, 4;
    %jmp/1 T_0.6, 6;
    %cmpi/u 8, 5, 4;
    %jmp/1 T_0.7, 6;
    %cmpi/u 8, 6, 4;
    %jmp/1 T_0.8, 6;
    %cmpi/u 8, 7, 4;
    %jmp/1 T_0.9, 6;
    %cmpi/u 8, 8, 4;
    %jmp/1 T_0.10, 6;
    %cmpi/u 8, 9, 4;
    %jmp/1 T_0.11, 6;
    %cmpi/u 8, 10, 4;
    %jmp/1 T_0.12, 6;
    %cmpi/u 8, 11, 4;
    %jmp/1 T_0.13, 6;
    %cmpi/u 8, 13, 4;
    %jmp/1 T_0.14, 6;
    %cmpi/u 8, 12, 4;
    %jmp/1 T_0.15, 6;
    %cmpi/u 8, 3, 4;
    %jmp/1 T_0.16, 6;
    %cmpi/u 8, 15, 4;
    %jmp/1 T_0.17, 6;
    %movi 8, 1, 4;
    %ix/load 0, 4, 0;
    %assign/v0 v005FFFD0_0, 0, 8;
    %jmp T_0.19;
T_0.2 ;
    %load/v 8, v005FFA40_0, 1;
    %inv 8, 1;
    %jmp/0xz  T_0.20, 8;
    %movi 8, 2, 4;
    %ix/load 0, 4, 0;
    %assign/v0 v005FFF20_0, 0, 8;
    %ix/load 0, 1, 0;
    %assign/v0 v005FF888_0, 0, 0;
    %ix/load 0, 1, 0;
    %assign/v0 v005FF990_0, 0, 0;
    %movi 8, 2, 4;
    %ix/load 0, 4, 0;
    %assign/v0 v005FFFD0_0, 0, 8;
T_0.20 ;
    %jmp T_0.19;
T_0.3 ;
    %load/v 8, v005FF9E8_0, 1;
    %inv 8, 1;
    %load/v 9, v005FF8E0_0, 1;
    %inv 9, 1;
    %and 8, 9, 1;
    %jmp/0xz  T_0.22, 8;
    %movi 8, 1, 4;
    %ix/load 0, 4, 0;
    %assign/v0 v005FFF20_0, 0, 8;
    %movi 8, 1, 4;
    %ix/load 0, 4, 0;
    %assign/v0 v005FFFD0_0, 0, 8;
T_0.22 ;
    %jmp T_0.19;
T_0.4 ;
    %load/v 8, v005FFEC8_0, 1;
    %inv 8, 1;
    %jmp/0xz  T_0.24, 8;
    %movi 8, 4, 4;
    %ix/load 0, 4, 0;
    %assign/v0 v005FFF20_0, 0, 8;
    %movi 8, 4, 4;
    %ix/load 0, 4, 0;
    %assign/v0 v005FFFD0_0, 0, 8;
    %jmp T_0.25;
T_0.24 ;
    %movi 8, 13, 4;
    %ix/load 0, 4, 0;
    %assign/v0 v005FFF20_0, 0, 8;
    %ix/load 0, 1, 0;
    %assign/v0 v005FF678_0, 0, 1;
    %movi 8, 13, 4;
    %ix/load 0, 4, 0;
    %assign/v0 v005FFFD0_0, 0, 8;
T_0.25 ;
    %jmp T_0.19;
T_0.5 ;
    %load/v 8, v005FF4C0_0, 1;
    %jmp/0xz  T_0.26, 8;
    %movi 8, 3, 4;
    %ix/load 0, 4, 0;
    %assign/v0 v005FFF20_0, 0, 8;
    %ix/load 0, 1, 0;
    %assign/v0 v00600080_0, 0, 1;
    %movi 8, 3, 4;
    %ix/load 0, 4, 0;
    %assign/v0 v005FFFD0_0, 0, 8;
    %jmp T_0.27;
T_0.26 ;
    %load/v 8, v005FF518_0, 1;
    %load/v 9, v005FF8E0_0, 1;
    %and 8, 9, 1;
    %jmp/0xz  T_0.28, 8;
    %movi 8, 3, 4;
    %ix/load 0, 4, 0;
    %assign/v0 v005FFF20_0, 0, 8;
    %ix/load 0, 1, 0;
    %assign/v0 v005FF888_0, 0, 0;
    %ix/load 0, 1, 0;
    %assign/v0 v005FF990_0, 0, 0;
    %ix/load 0, 1, 0;
    %assign/v0 v00600080_0, 0, 1;
    %movi 8, 3, 4;
    %ix/load 0, 4, 0;
    %assign/v0 v005FFFD0_0, 0, 8;
    %jmp T_0.29;
T_0.28 ;
    %load/v 8, v005FF8E0_0, 1;
    %jmp/0xz  T_0.30, 8;
    %movi 8, 4, 4;
    %ix/load 0, 4, 0;
    %assign/v0 v005FFF20_0, 0, 8;
    %ix/load 0, 1, 0;
    %assign/v0 v005FF888_0, 0, 1;
    %movi 8, 121, 7;
    %ix/load 0, 1, 0;
    %assign/v0 v005FF830_0, 0, 8;
    %movi 8, 72, 7;
    %ix/load 0, 1, 0;
    %assign/v0 v005FF7D8_0, 0, 8;
    %movi 8, 4, 4;
    %ix/load 0, 4, 0;
    %assign/v0 v005FFFD0_0, 0, 8;
T_0.30 ;
T_0.29 ;
T_0.27 ;
    %jmp T_0.19;
T_0.6 ;
    %load/v 8, v005FF4C0_0, 1;
    %load/v 9, v005FF8E0_0, 1;
    %inv 9, 1;
    %and 8, 9, 1;
    %jmp/0xz  T_0.32, 8;
    %ix/load 0, 1, 0;
    %assign/v0 v005FF888_0, 0, 1;
    %movi 8, 14, 4;
    %ix/load 0, 4, 0;
    %assign/v0 v005FFF20_0, 0, 8;
    %movi 8, 14, 4;
    %ix/load 0, 4, 0;
    %assign/v0 v005FFFD0_0, 0, 8;
    %jmp T_0.33;
T_0.32 ;
    %load/v 8, v005FF8E0_0, 1;
    %jmp/0xz  T_0.34, 8;
    %ix/load 0, 1, 0;
    %assign/v0 v005FF888_0, 0, 1;
    %movi 8, 121, 7;
    %ix/load 0, 1, 0;
    %assign/v0 v005FF830_0, 0, 8;
    %movi 8, 72, 7;
    %ix/load 0, 1, 0;
    %assign/v0 v005FF7D8_0, 0, 8;
    %movi 8, 11, 4;
    %ix/load 0, 4, 0;
    %assign/v0 v005FFF20_0, 0, 8;
    %movi 8, 11, 4;
    %ix/load 0, 4, 0;
    %assign/v0 v005FFFD0_0, 0, 8;
    %jmp T_0.35;
T_0.34 ;
    %ix/load 0, 1, 0;
    %assign/v0 v005FF888_0, 0, 1;
    %movi 8, 14, 4;
    %ix/load 0, 4, 0;
    %assign/v0 v005FFF20_0, 0, 8;
    %movi 8, 14, 4;
    %ix/load 0, 4, 0;
    %assign/v0 v005FFFD0_0, 0, 8;
T_0.35 ;
T_0.33 ;
    %jmp T_0.19;
T_0.7 ;
    %load/v 8, v005FF4C0_0, 1;
    %load/v 9, v005FF990_0, 1;
    %inv 9, 1;
    %and 8, 9, 1;
    %jmp/0xz  T_0.36, 8;
    %movi 8, 8, 4;
    %ix/load 0, 4, 0;
    %assign/v0 v005FFF20_0, 0, 8;
    %ix/load 0, 1, 0;
    %assign/v0 v005FF990_0, 0, 1;
    %movi 8, 8, 4;
    %ix/load 0, 4, 0;
    %assign/v0 v005FFFD0_0, 0, 8;
    %jmp T_0.37;
T_0.36 ;
    %load/v 8, v005FF518_0, 1;
    %jmp/0xz  T_0.38, 8;
    %movi 8, 8, 4;
    %ix/load 0, 4, 0;
    %assign/v0 v005FFF20_0, 0, 8;
    %ix/load 0, 1, 0;
    %assign/v0 v005FF990_0, 0, 1;
    %movi 8, 8, 4;
    %ix/load 0, 4, 0;
    %assign/v0 v005FFFD0_0, 0, 8;
T_0.38 ;
T_0.37 ;
    %jmp T_0.19;
T_0.8 ;
    %load/v 8, v005FF9E8_0, 1;
    %jmp/0xz  T_0.40, 8;
    %movi 8, 121, 7;
    %ix/load 0, 1, 0;
    %assign/v0 v005FF830_0, 0, 8;
    %movi 8, 72, 7;
    %ix/load 0, 1, 0;
    %assign/v0 v005FF7D8_0, 0, 8;
    %movi 8, 6, 4;
    %ix/load 0, 4, 0;
    %assign/v0 v005FFF20_0, 0, 8;
    %ix/load 0, 1, 0;
    %assign/v0 v005FF990_0, 0, 1;
    %movi 8, 6, 4;
    %ix/load 0, 4, 0;
    %assign/v0 v005FFFD0_0, 0, 8;
    %jmp T_0.41;
T_0.40 ;
    %load/v 8, v005FF9E8_0, 1;
    %inv 8, 1;
    %jmp/0xz  T_0.42, 8;
    %movi 8, 121, 7;
    %set/v v005FF830_0, 8, 1;
    %movi 8, 72, 7;
    %set/v v005FF7D8_0, 8, 1;
    %ix/load 0, 1, 0;
    %assign/v0 v005FF990_0, 0, 0;
    %movi 8, 9, 4;
    %ix/load 0, 4, 0;
    %assign/v0 v005FFF20_0, 0, 8;
    %movi 8, 9, 4;
    %ix/load 0, 4, 0;
    %assign/v0 v005FFFD0_0, 0, 8;
T_0.42 ;
T_0.41 ;
    %jmp T_0.19;
T_0.9 ;
    %load/v 8, v005FF518_0, 1;
    %inv 8, 1;
    %jmp/0xz  T_0.44, 8;
    %movi 8, 11, 4;
    %ix/load 0, 4, 0;
    %assign/v0 v005FFF20_0, 0, 8;
    %ix/load 0, 1, 0;
    %assign/v0 v005FF888_0, 0, 0;
    %movi 8, 11, 4;
    %ix/load 0, 4, 0;
    %assign/v0 v005FFFD0_0, 0, 8;
T_0.44 ;
    %jmp T_0.19;
T_0.10 ;
    %load/v 8, v005FF9E8_0, 1;
    %load/v 9, v005FFA40_0, 1;
    %inv 9, 1;
    %and 8, 9, 1;
    %jmp/0xz  T_0.46, 8;
    %movi 8, 6, 4;
    %ix/load 0, 4, 0;
    %assign/v0 v005FFF20_0, 0, 8;
    %movi 8, 6, 4;
    %ix/load 0, 4, 0;
    %assign/v0 v005FFFD0_0, 0, 8;
T_0.46 ;
    %jmp T_0.19;
T_0.11 ;
    %load/v 8, v005FF9E8_0, 1;
    %inv 8, 1;
    %load/v 9, v005FFA40_0, 1;
    %inv 9, 1;
    %and 8, 9, 1;
    %jmp/0xz  T_0.48, 8;
    %movi 8, 13, 4;
    %ix/load 0, 4, 0;
    %assign/v0 v005FFF20_0, 0, 8;
    %ix/load 0, 1, 0;
    %assign/v0 v005FF678_0, 0, 1;
    %movi 8, 13, 4;
    %ix/load 0, 4, 0;
    %assign/v0 v005FFFD0_0, 0, 8;
T_0.48 ;
    %jmp T_0.19;
T_0.12 ;
    %load/v 8, v005FF4C0_0, 1;
    %jmp/0xz  T_0.50, 8;
    %movi 8, 12, 4;
    %ix/load 0, 4, 0;
    %assign/v0 v005FFF20_0, 0, 8;
    %set/v v005FF780_0, 1, 1;
    %movi 8, 12, 4;
    %set/v v005FFFD0_0, 8, 4;
T_0.50 ;
    %jmp T_0.19;
T_0.13 ;
    %load/v 8, v005FF8E0_0, 1;
    %inv 8, 1;
    %load/v 9, v005FFA40_0, 1;
    %inv 9, 1;
    %and 8, 9, 1;
    %jmp/0xz  T_0.52, 8;
    %ix/load 0, 4, 0;
    %assign/v0 v005FFF20_0, 0, 1;
    %ix/load 0, 1, 0;
    %assign/v0 v005FF888_0, 0, 0;
    %ix/load 0, 4, 0;
    %assign/v0 v005FFFD0_0, 0, 1;
T_0.52 ;
    %jmp T_0.19;
T_0.14 ;
    %load/v 8, v005FF620_0, 1;
    %jmp/0xz  T_0.54, 8;
    %movi 8, 14, 4;
    %ix/load 0, 4, 0;
    %assign/v0 v005FFF20_0, 0, 8;
    %ix/load 0, 1, 0;
    %assign/v0 v005FF678_0, 0, 0;
    %movi 8, 14, 4;
    %ix/load 0, 4, 0;
    %assign/v0 v005FFFD0_0, 0, 8;
T_0.54 ;
    %jmp T_0.19;
T_0.15 ;
    %ix/load 0, 1, 0;
    %assign/v0 v005FF780_0, 0, 1;
    %load/v 8, v005FF728_0, 1;
    %jmp/0xz  T_0.56, 8;
    %movi 8, 5, 4;
    %ix/load 0, 4, 0;
    %assign/v0 v005FFF20_0, 0, 8;
    %ix/load 0, 1, 0;
    %assign/v0 v005FF780_0, 0, 0;
    %movi 8, 5, 4;
    %ix/load 0, 4, 0;
    %assign/v0 v005FFFD0_0, 0, 8;
T_0.56 ;
    %jmp T_0.19;
T_0.16 ;
    %load/v 8, v00600028_0, 1;
    %jmp/0xz  T_0.58, 8;
    %movi 8, 12, 4;
    %ix/load 0, 4, 0;
    %assign/v0 v005FFF20_0, 0, 8;
    %movi 8, 12, 4;
    %ix/load 0, 4, 0;
    %assign/v0 v005FFFD0_0, 0, 8;
    %ix/load 0, 1, 0;
    %assign/v0 v00600080_0, 0, 0;
T_0.58 ;
    %jmp T_0.19;
T_0.17 ;
    %load/v 8, v005FF4C0_0, 1;
    %jmp/0xz  T_0.60, 8;
    %ix/load 0, 4, 0;
    %assign/v0 v005FFF20_0, 0, 1;
    %ix/load 0, 4, 0;
    %assign/v0 v005FFFD0_0, 0, 1;
    %jmp T_0.61;
T_0.60 ;
    %load/v 8, v005FF518_0, 1;
    %jmp/0xz  T_0.62, 8;
    %ix/load 0, 4, 0;
    %assign/v0 v005FFF20_0, 0, 1;
    %ix/load 0, 4, 0;
    %assign/v0 v005FFFD0_0, 0, 1;
    %jmp T_0.63;
T_0.62 ;
    %movi 8, 4, 4;
    %ix/load 0, 4, 0;
    %assign/v0 v005FFF20_0, 0, 8;
    %movi 8, 4, 4;
    %ix/load 0, 4, 0;
    %assign/v0 v005FFFD0_0, 0, 8;
T_0.63 ;
T_0.61 ;
    %jmp T_0.19;
T_0.19 ;
T_0.1 ;
    %jmp T_0;
    .thread T_0;
    .scope S_005A2D90;
T_1 ;
    %wait E_005A6510;
    %load/v 8, v005FF258_0, 1;
    %inv 8, 1;
    %load/v 9, v005FF308_0, 1;
    %inv 9, 1;
    %and 8, 9, 1;
    %load/v 9, v005FF468_0, 1;
    %inv 9, 1;
    %and 8, 9, 1;
    %jmp/0xz  T_1.0, 8;
    %ix/load 0, 7, 0;
    %assign/v0 v005FF360_0, 0, 1;
    %ix/load 0, 7, 0;
    %assign/v0 v005FF3B8_0, 0, 1;
    %jmp T_1.1;
T_1.0 ;
    %load/v 8, v005FF258_0, 1;
    %jmp/0xz  T_1.2, 8;
    %movi 8, 33, 7;
    %ix/load 0, 7, 0;
    %assign/v0 v005FF360_0, 0, 8;
    %load/v 8, v005FF200_0, 4;
    %cmpi/u 8, 0, 4;
    %jmp/1 T_1.4, 6;
    %cmpi/u 8, 1, 4;
    %jmp/1 T_1.5, 6;
    %cmpi/u 8, 2, 4;
    %jmp/1 T_1.6, 6;
    %cmpi/u 8, 3, 4;
    %jmp/1 T_1.7, 6;
    %cmpi/u 8, 4, 4;
    %jmp/1 T_1.8, 6;
    %cmpi/u 8, 5, 4;
    %jmp/1 T_1.9, 6;
    %cmpi/u 8, 6, 4;
    %jmp/1 T_1.10, 6;
    %cmpi/u 8, 7, 4;
    %jmp/1 T_1.11, 6;
    %cmpi/u 8, 8, 4;
    %jmp/1 T_1.12, 6;
    %ix/load 0, 7, 0;
    %assign/v0 v005FF3B8_0, 0, 2;
    %jmp T_1.14;
T_1.4 ;
    %movi 8, 64, 7;
    %ix/load 0, 7, 0;
    %assign/v0 v005FF3B8_0, 0, 8;
    %jmp T_1.14;
T_1.5 ;
    %movi 8, 121, 7;
    %ix/load 0, 7, 0;
    %assign/v0 v005FF3B8_0, 0, 8;
    %jmp T_1.14;
T_1.6 ;
    %movi 8, 36, 7;
    %ix/load 0, 7, 0;
    %assign/v0 v005FF3B8_0, 0, 8;
    %jmp T_1.14;
T_1.7 ;
    %movi 8, 48, 7;
    %ix/load 0, 7, 0;
    %assign/v0 v005FF3B8_0, 0, 8;
    %jmp T_1.14;
T_1.8 ;
    %movi 8, 25, 7;
    %ix/load 0, 7, 0;
    %assign/v0 v005FF3B8_0, 0, 8;
    %jmp T_1.14;
T_1.9 ;
    %movi 8, 18, 7;
    %ix/load 0, 7, 0;
    %assign/v0 v005FF3B8_0, 0, 8;
    %jmp T_1.14;
T_1.10 ;
    %movi 8, 2, 7;
    %ix/load 0, 7, 0;
    %assign/v0 v005FF3B8_0, 0, 8;
    %jmp T_1.14;
T_1.11 ;
    %movi 8, 120, 7;
    %ix/load 0, 7, 0;
    %assign/v0 v005FF3B8_0, 0, 8;
    %jmp T_1.14;
T_1.12 ;
    %ix/load 0, 7, 0;
    %assign/v0 v005FF3B8_0, 0, 0;
    %jmp T_1.14;
T_1.14 ;
    %jmp T_1.3;
T_1.2 ;
    %load/v 8, v005FF308_0, 1;
    %jmp/0xz  T_1.15, 8;
    %movi 8, 12, 7;
    %ix/load 0, 7, 0;
    %assign/v0 v005FF360_0, 0, 8;
    %load/v 8, v005FF2B0_0, 4;
    %cmpi/u 8, 0, 4;
    %jmp/1 T_1.17, 6;
    %cmpi/u 8, 1, 4;
    %jmp/1 T_1.18, 6;
    %cmpi/u 8, 2, 4;
    %jmp/1 T_1.19, 6;
    %cmpi/u 8, 3, 4;
    %jmp/1 T_1.20, 6;
    %cmpi/u 8, 4, 4;
    %jmp/1 T_1.21, 6;
    %cmpi/u 8, 5, 4;
    %jmp/1 T_1.22, 6;
    %cmpi/u 8, 6, 4;
    %jmp/1 T_1.23, 6;
    %cmpi/u 8, 7, 4;
    %jmp/1 T_1.24, 6;
    %cmpi/u 8, 8, 4;
    %jmp/1 T_1.25, 6;
    %ix/load 0, 7, 0;
    %assign/v0 v005FF3B8_0, 0, 2;
    %jmp T_1.27;
T_1.17 ;
    %movi 8, 64, 7;
    %ix/load 0, 7, 0;
    %assign/v0 v005FF3B8_0, 0, 8;
    %jmp T_1.27;
T_1.18 ;
    %movi 8, 121, 7;
    %ix/load 0, 7, 0;
    %assign/v0 v005FF3B8_0, 0, 8;
    %jmp T_1.27;
T_1.19 ;
    %movi 8, 36, 7;
    %ix/load 0, 7, 0;
    %assign/v0 v005FF3B8_0, 0, 8;
    %jmp T_1.27;
T_1.20 ;
    %movi 8, 48, 7;
    %ix/load 0, 7, 0;
    %assign/v0 v005FF3B8_0, 0, 8;
    %jmp T_1.27;
T_1.21 ;
    %movi 8, 25, 7;
    %ix/load 0, 7, 0;
    %assign/v0 v005FF3B8_0, 0, 8;
    %jmp T_1.27;
T_1.22 ;
    %movi 8, 18, 7;
    %ix/load 0, 7, 0;
    %assign/v0 v005FF3B8_0, 0, 8;
    %jmp T_1.27;
T_1.23 ;
    %movi 8, 2, 7;
    %ix/load 0, 7, 0;
    %assign/v0 v005FF3B8_0, 0, 8;
    %jmp T_1.27;
T_1.24 ;
    %movi 8, 120, 7;
    %ix/load 0, 7, 0;
    %assign/v0 v005FF3B8_0, 0, 8;
    %jmp T_1.27;
T_1.25 ;
    %ix/load 0, 7, 0;
    %assign/v0 v005FF3B8_0, 0, 0;
    %jmp T_1.27;
T_1.27 ;
    %jmp T_1.16;
T_1.15 ;
    %movi 8, 63, 7;
    %ix/load 0, 7, 0;
    %assign/v0 v005FF360_0, 0, 8;
    %load/v 8, v005FF410_0, 4;
    %cmpi/u 8, 0, 4;
    %jmp/1 T_1.28, 6;
    %cmpi/u 8, 1, 4;
    %jmp/1 T_1.29, 6;
    %cmpi/u 8, 2, 4;
    %jmp/1 T_1.30, 6;
    %cmpi/u 8, 3, 4;
    %jmp/1 T_1.31, 6;
    %cmpi/u 8, 4, 4;
    %jmp/1 T_1.32, 6;
    %cmpi/u 8, 5, 4;
    %jmp/1 T_1.33, 6;
    %cmpi/u 8, 6, 4;
    %jmp/1 T_1.34, 6;
    %cmpi/u 8, 7, 4;
    %jmp/1 T_1.35, 6;
    %cmpi/u 8, 8, 4;
    %jmp/1 T_1.36, 6;
    %ix/load 0, 7, 0;
    %assign/v0 v005FF3B8_0, 0, 2;
    %jmp T_1.38;
T_1.28 ;
    %movi 8, 64, 7;
    %ix/load 0, 7, 0;
    %assign/v0 v005FF3B8_0, 0, 8;
    %jmp T_1.38;
T_1.29 ;
    %movi 8, 121, 7;
    %ix/load 0, 7, 0;
    %assign/v0 v005FF3B8_0, 0, 8;
    %jmp T_1.38;
T_1.30 ;
    %movi 8, 36, 7;
    %ix/load 0, 7, 0;
    %assign/v0 v005FF3B8_0, 0, 8;
    %jmp T_1.38;
T_1.31 ;
    %movi 8, 48, 7;
    %ix/load 0, 7, 0;
    %assign/v0 v005FF3B8_0, 0, 8;
    %jmp T_1.38;
T_1.32 ;
    %movi 8, 25, 7;
    %ix/load 0, 7, 0;
    %assign/v0 v005FF3B8_0, 0, 8;
    %jmp T_1.38;
T_1.33 ;
    %movi 8, 18, 7;
    %ix/load 0, 7, 0;
    %assign/v0 v005FF3B8_0, 0, 8;
    %jmp T_1.38;
T_1.34 ;
    %movi 8, 2, 7;
    %ix/load 0, 7, 0;
    %assign/v0 v005FF3B8_0, 0, 8;
    %jmp T_1.38;
T_1.35 ;
    %movi 8, 120, 7;
    %ix/load 0, 7, 0;
    %assign/v0 v005FF3B8_0, 0, 8;
    %jmp T_1.38;
T_1.36 ;
    %ix/load 0, 7, 0;
    %assign/v0 v005FF3B8_0, 0, 0;
    %jmp T_1.38;
T_1.38 ;
T_1.16 ;
T_1.3 ;
T_1.1 ;
    %jmp T_1;
    .thread T_1;
    .scope S_005A2E18;
T_2 ;
    %wait E_005A6510;
    %load/v 8, v005FF0A0_0, 1;
    %inv 8, 1;
    %jmp/0xz  T_2.0, 8;
    %load/v 8, v005FF0F8_0, 4;
    %ix/load 0, 4, 0;
    %assign/v0 v005FF150_0, 0, 8;
    %ix/load 0, 1, 0;
    %assign/v0 v005FF048_0, 0, 0;
    %jmp T_2.1;
T_2.0 ;
    %load/v 8, v005FF150_0, 4;
    %cmpi/u 8, 0, 4;
    %jmp/0xz  T_2.2, 4;
    %ix/load 0, 1, 0;
    %assign/v0 v005FF048_0, 0, 1;
    %jmp T_2.3;
T_2.2 ;
    %load/v 8, v005FEF98_0, 1;
    %jmp/0xz  T_2.4, 8;
    %load/v 8, v005FF150_0, 4;
    %subi 8, 1, 4;
    %ix/load 0, 4, 0;
    %assign/v0 v005FF150_0, 0, 8;
T_2.4 ;
T_2.3 ;
T_2.1 ;
    %jmp T_2;
    .thread T_2;
    .scope S_005A2EA0;
T_3 ;
    %wait E_005A6510;
    %load/v 8, v005FEE90_0, 1;
    %inv 8, 1;
    %jmp/0xz  T_3.0, 8;
    %load/v 8, v005FEEE8_0, 4;
    %ix/load 0, 4, 0;
    %assign/v0 v005FEF40_0, 0, 8;
    %ix/load 0, 1, 0;
    %assign/v0 v005FEE38_0, 0, 0;
    %jmp T_3.1;
T_3.0 ;
    %load/v 8, v005FEF40_0, 4;
    %cmpi/u 8, 0, 4;
    %jmp/0xz  T_3.2, 4;
    %ix/load 0, 1, 0;
    %assign/v0 v005FEE38_0, 0, 1;
    %jmp T_3.3;
T_3.2 ;
    %load/v 8, v005FED88_0, 1;
    %jmp/0xz  T_3.4, 8;
    %load/v 8, v005FEF40_0, 4;
    %subi 8, 1, 4;
    %ix/load 0, 4, 0;
    %assign/v0 v005FEF40_0, 0, 8;
T_3.4 ;
T_3.3 ;
T_3.1 ;
    %jmp T_3;
    .thread T_3;
    .scope S_005A2FB0;
T_4 ;
    %wait E_005A6510;
    %load/v 8, v005FEC80_0, 1;
    %inv 8, 1;
    %jmp/0xz  T_4.0, 8;
    %load/v 8, v005FECD8_0, 4;
    %ix/load 0, 4, 0;
    %assign/v0 v005FED30_0, 0, 8;
    %ix/load 0, 1, 0;
    %assign/v0 v005FEC28_0, 0, 0;
    %jmp T_4.1;
T_4.0 ;
    %load/v 8, v005FED30_0, 4;
    %cmpi/u 8, 0, 4;
    %jmp/0xz  T_4.2, 4;
    %ix/load 0, 1, 0;
    %assign/v0 v005FEC28_0, 0, 1;
    %jmp T_4.3;
T_4.2 ;
    %load/v 8, v005FEB78_0, 1;
    %jmp/0xz  T_4.4, 8;
    %load/v 8, v005FED30_0, 4;
    %subi 8, 1, 4;
    %ix/load 0, 4, 0;
    %assign/v0 v005FED30_0, 0, 8;
T_4.4 ;
T_4.3 ;
T_4.1 ;
    %jmp T_4;
    .thread T_4;
    .scope S_005A3148;
T_5 ;
    %vpi_call 2 39 "$display", "\011\011 clk \011 key \011 sw \011\011 led \011\011\011\011 Time";
    %vpi_call 2 40 "$monitor", "\011\011 %b\011 %b\011 %b\011 %b\011", v005A45F8_0, v005B9000_0, v005FEB20_0, v005FEAC8_0, $time;
    %end;
    .thread T_5;
    .scope S_005A3148;
T_6 ;
    %set/v v005FEB20_0, 0, 10;
    %set/v v005B9000_0, 0, 4;
    %set/v v005A45F8_0, 0, 1;
    %delay 20, 0;
    %delay 20, 0;
    %set/v v005A45F8_0, 1, 1;
    %delay 20, 0;
    %delay 20, 0;
    %set/v v005A45F8_0, 0, 1;
    %delay 20, 0;
    %ix/load 0, 0, 0;
    %set/x0 v005B9000_0, 1, 1;
    %delay 20, 0;
    %set/v v005A45F8_0, 1, 1;
    %delay 20, 0;
    %delay 20, 0;
    %set/v v005A45F8_0, 0, 1;
    %delay 20, 0;
    %delay 20, 0;
    %set/v v005A45F8_0, 1, 1;
    %delay 20, 0;
    %delay 20, 0;
    %set/v v005A45F8_0, 0, 1;
    %delay 20, 0;
    %delay 20, 0;
    %set/v v005A45F8_0, 1, 1;
    %delay 20, 0;
    %ix/load 0, 0, 0;
    %set/x0 v005FEB20_0, 1, 1;
    %delay 20, 0;
    %set/v v005A45F8_0, 0, 1;
    %delay 20, 0;
    %delay 20, 0;
    %set/v v005A45F8_0, 1, 1;
    %delay 20, 0;
    %ix/load 0, 0, 0;
    %set/x0 v005B9000_0, 0, 1;
    %ix/load 0, 0, 0;
    %set/x0 v005FEB20_0, 0, 1;
    %delay 20, 0;
    %set/v v005A45F8_0, 0, 1;
    %delay 20, 0;
    %delay 20, 0;
    %set/v v005A45F8_0, 1, 1;
    %delay 20, 0;
    %ix/load 0, 0, 0;
    %set/x0 v005B9000_0, 1, 1;
    %delay 20, 0;
    %set/v v005A45F8_0, 0, 1;
    %delay 20, 0;
    %delay 20, 0;
    %set/v v005A45F8_0, 1, 1;
    %delay 20, 0;
    %delay 20, 0;
    %set/v v005A45F8_0, 0, 1;
    %delay 20, 0;
    %delay 20, 0;
    %set/v v005A45F8_0, 1, 1;
    %delay 20, 0;
    %delay 20, 0;
    %set/v v005A45F8_0, 0, 1;
    %delay 20, 0;
    %delay 20, 0;
    %set/v v005A45F8_0, 1, 1;
    %delay 20, 0;
    %ix/load 0, 1, 0;
    %set/x0 v005FEB20_0, 1, 1;
    %delay 20, 0;
    %set/v v005A45F8_0, 0, 1;
    %delay 20, 0;
    %delay 20, 0;
    %set/v v005A45F8_0, 1, 1;
    %delay 20, 0;
    %delay 20, 0;
    %set/v v005A45F8_0, 0, 1;
    %delay 20, 0;
    %delay 20, 0;
    %set/v v005A45F8_0, 1, 1;
    %delay 20, 0;
    %delay 20, 0;
    %set/v v005A45F8_0, 0, 1;
    %delay 20, 0;
    %delay 20, 0;
    %set/v v005A45F8_0, 1, 1;
    %delay 20, 0;
    %delay 20, 0;
    %set/v v005A45F8_0, 0, 1;
    %delay 20, 0;
    %delay 20, 0;
    %set/v v005A45F8_0, 1, 1;
    %delay 20, 0;
    %delay 20, 0;
    %set/v v005A45F8_0, 0, 1;
    %delay 20, 0;
    %delay 20, 0;
    %set/v v005A45F8_0, 1, 1;
    %delay 20, 0;
    %delay 20, 0;
    %set/v v005A45F8_0, 0, 1;
    %delay 20, 0;
    %delay 20, 0;
    %set/v v005A45F8_0, 1, 1;
    %delay 20, 0;
    %delay 20, 0;
    %set/v v005A45F8_0, 0, 1;
    %delay 20, 0;
    %delay 20, 0;
    %vpi_call 2 110 "$finish";
    %end;
    .thread T_6;
    .scope S_005A31D0;
T_7 ;
    %vpi_call 2 20 "$dumpfile", "de1_top.vcd";
    %vpi_call 2 21 "$dumpvars", 2'sb01, S_005A3038;
    %end;
    .thread T_7;
# The file index is used to find the file name in the following table.
:file_names 7;
    "N/A";
    "<interactive>";
    "DE1_SoC_TOP.v";
    "./DE1_SoC.v";
    "./interlock.v";
    "./display.v";
    "./timer.v";
