19:08:14 **** Incremental Build of configuration Nios II for project sram ****
make all 
Info: Building ../sram_bsp/
C:/altera/15.1/nios2eds/bin/gnu/H-x86_64-mingw32/bin/make --no-print-directory -C ../sram_bsp/
[BSP build complete]
Info: Compiling hello_world_small.c to obj/default/hello_world_small.o
nios2-elf-gcc -xc -MP -MMD -c -I../sram_bsp//HAL/inc -I../sram_bsp/ -I../sram_bsp//drivers/inc  -pipe -D__hal__ -DALT_NO_C_PLUS_PLUS -DALT_NO_CLEAN_EXIT -D'exit(a)=_exit(a)' -DALT_NO_EXIT -DALT_USE_DIRECT_DRIVERS -DALT_NO_INSTRUCTION_EMULATION -DALT_USE_SMALL_DRIVERS -DSMALL_C_LIB -DALT_SINGLE_THREADED    -Os -g -Wall   -mno-hw-div -mno-hw-mul -mno-hw-mulx  -o obj/default/hello_world_small.o hello_world_small.c
hello_world_small.c: In function 'main':
hello_world_small.c:109:4: warning: implicit declaration of function 'usleep' [-Wimplicit-function-declaration]
    usleep(100000);
    ^
Info: Linking sram.elf
nios2-elf-g++  -T'../sram_bsp//linker.x' -msys-crt0='../sram_bsp//obj/HAL/src/crt0.o' -msys-lib=hal_bsp -L../sram_bsp/  -msmallc  -Wl,-Map=sram.map   -Os -g -Wall   -mno-hw-div -mno-hw-mul -mno-hw-mulx  -o sram.elf obj/default/hello_world_small.o -lm -msys-lib=m
nios2-elf-insert sram.elf --thread_model hal --cpu_name nios2_sram --qsys true --simulation_enabled false --stderr_dev jtag_uart --stdin_dev jtag_uart --stdout_dev jtag_uart --sopc_system_name microprocessor --quartus_project_dir "C:/Users/neffk2/EE371/lab3/sram" --jdi ../..//output_files/sram.jdi --sopcinfo C:/Users/neffk2/EE371/lab3/sram/software/sram_bsp/../../microprocessor.sopcinfo
Info: (sram.elf) 1792 Bytes program size (code + initialized data).
Info:            2300 Bytes free for stack + heap.
Info: Creating sram.objdump
nios2-elf-objdump --disassemble --syms --all-header --source sram.elf >sram.objdump
[sram build complete]
19:08:18 **** Build of configuration Nios II for project sram ****
make all 
Info: Building ../sram_bsp/
C:/altera/15.1/nios2eds/bin/gnu/H-x86_64-mingw32/bin/make --no-print-directory -C ../sram_bsp/
[BSP build complete]
[sram build complete]
19:08:19 **** Incremental Build of configuration Nios II for project sram ****
make all 
Info: Building ../sram_bsp/
C:/altera/15.1/nios2eds/bin/gnu/H-x86_64-mingw32/bin/make --no-print-directory -C ../sram_bsp/
[BSP build complete]
[sram build complete]
