#! c:/iverilog-x86/bin/vvp
:ivl_version "10.0 (stable)" "(v10_0)";
:ivl_delay_selection "TYPICAL";
:vpi_time_precision + 0;
:vpi_module "system";
:vpi_module "vhdl_sys";
:vpi_module "v2005_math";
:vpi_module "va_math";
S_02776ea0 .scope module, "bic" "bic" 2 1;
 .timescale 0 0;
    .port_info 0 /OUTPUT 1 "out"
    .port_info 1 /INPUT 1 "en"
    .port_info 2 /INPUT 4 "in"
    .port_info 3 /INPUT 1 "rst"
L_02789988 .functor AND 1, L_027cda00, L_027cd690, C4<1>, C4<1>;
L_02789820 .functor OR 1, L_027cd9a8, L_027ce4a8, C4<0>, C4<0>;
L_027ce670 .functor BUFT 1, C4<0111>, C4<0>, C4<0>, C4<0>;
v027cba48_0 .net/2u *"_s0", 3 0, L_027ce670;  1 drivers
L_027ce6e8 .functor BUFT 1, C4<0111>, C4<0>, C4<0>, C4<0>;
v027cc128_0 .net/2u *"_s10", 3 0, L_027ce6e8;  1 drivers
v027cbaf8_0 .net *"_s12", 0 0, L_027cda00;  1 drivers
L_027ce710 .functor BUFT 1, C4<1111>, C4<0>, C4<0>, C4<0>;
v027cbe10_0 .net/2u *"_s14", 3 0, L_027ce710;  1 drivers
v027cbd60_0 .net *"_s16", 0 0, L_027cd690;  1 drivers
v027cb7e0_0 .net *"_s18", 0 0, L_02789988;  1 drivers
v027cb788_0 .net *"_s2", 0 0, L_027ce0e0;  1 drivers
L_027ce738 .functor BUFT 1, C4<1>, C4<0>, C4<0>, C4<0>;
v027cbb50_0 .net/2u *"_s20", 0 0, L_027ce738;  1 drivers
L_027ce760 .functor BUFT 1, C4<0>, C4<0>, C4<0>, C4<0>;
v027cbaa0_0 .net/2u *"_s22", 0 0, L_027ce760;  1 drivers
v027cbe68_0 .net *"_s26", 31 0, L_027cd740;  1 drivers
L_027ce788 .functor BUFT 1, C4<0000000000000000000000000000>, C4<0>, C4<0>, C4<0>;
v027cbf18_0 .net *"_s29", 27 0, L_027ce788;  1 drivers
L_027ce7b0 .functor BUFT 1, C4<00000000000000000000000000001001>, C4<0>, C4<0>, C4<0>;
v027cbba8_0 .net/2u *"_s30", 31 0, L_027ce7b0;  1 drivers
v027cb8e8_0 .net *"_s32", 0 0, L_027cd9a8;  1 drivers
v027cbec0_0 .net *"_s35", 0 0, L_027ce4a8;  1 drivers
v027cbf70_0 .net *"_s36", 0 0, L_02789820;  1 drivers
L_027ce7d8 .functor BUFT 1, C4<0>, C4<0>, C4<0>, C4<0>;
v027cbfc8_0 .net/2u *"_s38", 0 0, L_027ce7d8;  1 drivers
L_027ce698 .functor BUFT 1, C4<1>, C4<0>, C4<0>, C4<0>;
v027cbc00_0 .net/2u *"_s4", 0 0, L_027ce698;  1 drivers
L_027ce6c0 .functor BUFT 1, C4<0>, C4<0>, C4<0>, C4<0>;
v027cc078_0 .net/2u *"_s6", 0 0, L_027ce6c0;  1 drivers
v027cb838_0 .net "bitClk", 0 0, L_027cd6e8;  1 drivers
v027cb890_0 .net "bitCounterOut", 3 0, L_027cd950;  1 drivers
v027cb940_0 .net "bitRst", 0 0, L_027ce3f8;  1 drivers
o0279a6cc .functor BUFZ 1, C4<z>; HiZ drive
v027cb680_0 .net "en", 0 0, o0279a6cc;  0 drivers
o0279a6e4 .functor BUFZ 4, C4<zzzz>; HiZ drive
v027cb6d8_0 .net "in", 3 0, o0279a6e4;  0 drivers
v027cb998_0 .net "out", 0 0, L_027ce030;  1 drivers
o0279a714 .functor BUFZ 1, C4<z>; HiZ drive
v027cc5f8_0 .net "rst", 0 0, o0279a714;  0 drivers
L_027ce0e0 .cmp/eq 4, o0279a6e4, L_027ce670;
L_027cd6e8 .functor MUXZ 1, L_027ce6c0, L_027ce698, L_027ce0e0, C4<>;
L_027cda00 .cmp/eq 4, L_027cd950, L_027ce6e8;
L_027cd690 .cmp/eq 4, o0279a6e4, L_027ce710;
L_027ce030 .functor MUXZ 1, L_027ce760, L_027ce738, L_02789988, C4<>;
L_027cd740 .concat [ 4 28 0 0], L_027cd950, L_027ce788;
L_027cd9a8 .cmp/eq 32, L_027cd740, L_027ce7b0;
L_027ce4a8 .reduce/nor o0279a6cc;
L_027ce3f8 .functor MUXZ 1, o0279a714, L_027ce7d8, L_02789820, C4<>;
S_0277a9e8 .scope module, "bitCounter" "up_counter" 2 11, 3 1 0, S_02776ea0;
 .timescale 0 0;
    .port_info 0 /OUTPUT 4 "out"
    .port_info 1 /INPUT 1 "clk"
    .port_info 2 /INPUT 1 "rst"
v027cbc58_0 .net "clk", 0 0, L_027cd6e8;  alias, 1 drivers
v027cb9f0_0 .net "out", 3 0, L_027cd950;  alias, 1 drivers
v027cbcb0_0 .net "q0_bar", 0 0, L_02789ee0;  1 drivers
v027cc0d0_0 .net "q1_bar", 0 0, L_02789700;  1 drivers
v027cbdb8_0 .net "q2_bar", 0 0, L_02789f70;  1 drivers
v027cc020_0 .net "q3_bar", 0 0, L_02789790;  1 drivers
v027cbd08_0 .net "rst", 0 0, L_027ce3f8;  alias, 1 drivers
L_027cd950 .concat8 [ 1 1 1 1], v0276b8e8_0, v0276c548_0, v0276c4f0_0, v0276c6a8_0;
S_0277aab8 .scope module, "dff0" "dflipflop" 3 6, 4 7 0, S_0277a9e8;
 .timescale 0 0;
    .port_info 0 /OUTPUT 1 "q"
    .port_info 1 /OUTPUT 1 "qBar"
    .port_info 2 /INPUT 1 "D"
    .port_info 3 /INPUT 1 "clk"
    .port_info 4 /INPUT 1 "rst"
L_02789ee0 .functor NOT 1, v0276b8e8_0, C4<0>, C4<0>, C4<0>;
v0276c1d8_0 .net "D", 0 0, L_02789ee0;  alias, 1 drivers
v0276c390_0 .net "clk", 0 0, L_027cd6e8;  alias, 1 drivers
v0276b8e8_0 .var "q", 0 0;
v0276b940_0 .net "qBar", 0 0, L_02789ee0;  alias, 1 drivers
v0276b998_0 .net "rst", 0 0, L_027ce3f8;  alias, 1 drivers
E_02794c48/0 .event negedge, v0276b998_0;
E_02794c48/1 .event posedge, v0276c390_0;
E_02794c48 .event/or E_02794c48/0, E_02794c48/1;
S_02779de8 .scope module, "dff1" "dflipflop" 3 7, 4 7 0, S_0277a9e8;
 .timescale 0 0;
    .port_info 0 /OUTPUT 1 "q"
    .port_info 1 /OUTPUT 1 "qBar"
    .port_info 2 /INPUT 1 "D"
    .port_info 3 /INPUT 1 "clk"
    .port_info 4 /INPUT 1 "rst"
L_02789700 .functor NOT 1, v0276c548_0, C4<0>, C4<0>, C4<0>;
v0276c498_0 .net "D", 0 0, L_02789700;  alias, 1 drivers
v0276c758_0 .net "clk", 0 0, L_02789ee0;  alias, 1 drivers
v0276c548_0 .var "q", 0 0;
v0276c7b0_0 .net "qBar", 0 0, L_02789700;  alias, 1 drivers
v0276c5f8_0 .net "rst", 0 0, L_027ce3f8;  alias, 1 drivers
E_02794bf8/0 .event negedge, v0276b998_0;
E_02794bf8/1 .event posedge, v0276c1d8_0;
E_02794bf8 .event/or E_02794bf8/0, E_02794bf8/1;
S_02779eb8 .scope module, "dff2" "dflipflop" 3 8, 4 7 0, S_0277a9e8;
 .timescale 0 0;
    .port_info 0 /OUTPUT 1 "q"
    .port_info 1 /OUTPUT 1 "qBar"
    .port_info 2 /INPUT 1 "D"
    .port_info 3 /INPUT 1 "clk"
    .port_info 4 /INPUT 1 "rst"
L_02789f70 .functor NOT 1, v0276c4f0_0, C4<0>, C4<0>, C4<0>;
v0276c860_0 .net "D", 0 0, L_02789f70;  alias, 1 drivers
v0276c808_0 .net "clk", 0 0, L_02789700;  alias, 1 drivers
v0276c4f0_0 .var "q", 0 0;
v0276c3e8_0 .net "qBar", 0 0, L_02789f70;  alias, 1 drivers
v0276c440_0 .net "rst", 0 0, L_027ce3f8;  alias, 1 drivers
E_02794860/0 .event negedge, v0276b998_0;
E_02794860/1 .event posedge, v0276c498_0;
E_02794860 .event/or E_02794860/0, E_02794860/1;
S_011a50c0 .scope module, "dff3" "dflipflop" 3 9, 4 7 0, S_0277a9e8;
 .timescale 0 0;
    .port_info 0 /OUTPUT 1 "q"
    .port_info 1 /OUTPUT 1 "qBar"
    .port_info 2 /INPUT 1 "D"
    .port_info 3 /INPUT 1 "clk"
    .port_info 4 /INPUT 1 "rst"
L_02789790 .functor NOT 1, v0276c6a8_0, C4<0>, C4<0>, C4<0>;
v0276c5a0_0 .net "D", 0 0, L_02789790;  alias, 1 drivers
v0276c650_0 .net "clk", 0 0, L_02789f70;  alias, 1 drivers
v0276c6a8_0 .var "q", 0 0;
v0276c700_0 .net "qBar", 0 0, L_02789790;  alias, 1 drivers
v027cb730_0 .net "rst", 0 0, L_027ce3f8;  alias, 1 drivers
E_02794ae0/0 .event negedge, v0276b998_0;
E_02794ae0/1 .event posedge, v0276c860_0;
E_02794ae0 .event/or E_02794ae0/0, E_02794ae0/1;
S_02776f70 .scope module, "bic_tr" "bic_tr" 2 22;
 .timescale 0 0;
    .port_info 0 /OUTPUT 1 "out"
    .port_info 1 /INPUT 1 "en"
    .port_info 2 /INPUT 1 "clk"
    .port_info 3 /INPUT 1 "rst"
P_02789ca0 .param/l "OP_COUNTING" 0 2 33, +C4<00000000000000000000000000000000>;
P_02789cc0 .param/l "OP_NOP" 0 2 32, +C4<00000000000000000000000000000001>;
o0279a7bc .functor BUFZ 1, C4<z>; HiZ drive
L_027898b0 .functor BUFZ 1, o0279a7bc, C4<0>, C4<0>, C4<0>;
o0279a78c .functor BUFZ 1, C4<z>; HiZ drive
v027cc338_0 .net "clk", 0 0, o0279a78c;  0 drivers
v027cc548_0 .var "counter", 3 0;
v027cc180_0 .net "en", 0 0, o0279a7bc;  0 drivers
v027cc440_0 .var "out", 0 0;
o0279a7ec .functor BUFZ 1, C4<z>; HiZ drive
v027cc288_0 .net "rst", 0 0, o0279a7ec;  0 drivers
v027cc5a0_0 .net "state", 0 0, L_027898b0;  1 drivers
E_027949c8 .event posedge, v027cc338_0;
S_011a3a08 .scope module, "bsc" "bsc" 5 1;
 .timescale 0 0;
    .port_info 0 /OUTPUT 4 "out"
    .port_info 1 /INPUT 1 "en"
    .port_info 2 /INPUT 1 "minorClk"
    .port_info 3 /INPUT 1 "rst"
L_02806c90 .functor BUFZ 4, L_027ce558, C4<0000>, C4<0000>, C4<0000>;
L_027ce800 .functor BUFT 1, C4<0>, C4<0>, C4<0>, C4<0>;
v027cc738_0 .net/2u *"_s2", 0 0, L_027ce800;  1 drivers
v027cc790_0 .net "clockCounterOut", 3 0, L_027ce558;  1 drivers
v027cce18_0 .net "clockRst", 0 0, L_027ce1e8;  1 drivers
o0279abc4 .functor BUFZ 1, C4<z>; HiZ drive
v027cc7e8_0 .net "en", 0 0, o0279abc4;  0 drivers
o0279a894 .functor BUFZ 1, C4<z>; HiZ drive
v027cc840_0 .net "minorClk", 0 0, o0279a894;  0 drivers
v027cc8f0_0 .net "out", 3 0, L_02806c90;  1 drivers
o0279abf4 .functor BUFZ 1, C4<z>; HiZ drive
v027cc948_0 .net "rst", 0 0, o0279abf4;  0 drivers
L_027ce1e8 .functor MUXZ 1, L_027ce800, o0279abf4, o0279abc4, C4<>;
S_011a5190 .scope module, "clockCounter" "up_counter" 5 8, 3 1 0, S_011a3a08;
 .timescale 0 0;
    .port_info 0 /OUTPUT 4 "out"
    .port_info 1 /INPUT 1 "clk"
    .port_info 2 /INPUT 1 "rst"
v027cc898_0 .net "clk", 0 0, o0279a894;  alias, 0 drivers
v027ccd68_0 .net "out", 3 0, L_027ce558;  alias, 1 drivers
v027cc9f8_0 .net "q0_bar", 0 0, L_027898f8;  1 drivers
v027cd028_0 .net "q1_bar", 0 0, L_02789940;  1 drivers
v027cd080_0 .net "q2_bar", 0 0, L_02806b28;  1 drivers
v027ccdc0_0 .net "q3_bar", 0 0, L_02806f60;  1 drivers
v027cd0d8_0 .net "rst", 0 0, L_027ce1e8;  alias, 1 drivers
L_027ce558 .concat8 [ 1 1 1 1], v027cc1d8_0, v027ccd10_0, v027cccb8_0, v027ccec8_0;
S_02778e10 .scope module, "dff0" "dflipflop" 3 6, 4 7 0, S_011a5190;
 .timescale 0 0;
    .port_info 0 /OUTPUT 1 "q"
    .port_info 1 /OUTPUT 1 "qBar"
    .port_info 2 /INPUT 1 "D"
    .port_info 3 /INPUT 1 "clk"
    .port_info 4 /INPUT 1 "rst"
L_027898f8 .functor NOT 1, v027cc1d8_0, C4<0>, C4<0>, C4<0>;
v027cc390_0 .net "D", 0 0, L_027898f8;  alias, 1 drivers
v027cc498_0 .net "clk", 0 0, o0279a894;  alias, 0 drivers
v027cc1d8_0 .var "q", 0 0;
v027cc3e8_0 .net "qBar", 0 0, L_027898f8;  alias, 1 drivers
v027cc230_0 .net "rst", 0 0, L_027ce1e8;  alias, 1 drivers
E_02794b58/0 .event negedge, v027cc230_0;
E_02794b58/1 .event posedge, v027cc498_0;
E_02794b58 .event/or E_02794b58/0, E_02794b58/1;
S_02778ee0 .scope module, "dff1" "dflipflop" 3 7, 4 7 0, S_011a5190;
 .timescale 0 0;
    .port_info 0 /OUTPUT 1 "q"
    .port_info 1 /OUTPUT 1 "qBar"
    .port_info 2 /INPUT 1 "D"
    .port_info 3 /INPUT 1 "clk"
    .port_info 4 /INPUT 1 "rst"
L_02789940 .functor NOT 1, v027ccd10_0, C4<0>, C4<0>, C4<0>;
v027cc4f0_0 .net "D", 0 0, L_02789940;  alias, 1 drivers
v027cc2e0_0 .net "clk", 0 0, L_027898f8;  alias, 1 drivers
v027ccd10_0 .var "q", 0 0;
v027cd130_0 .net "qBar", 0 0, L_02789940;  alias, 1 drivers
v027ccf20_0 .net "rst", 0 0, L_027ce1e8;  alias, 1 drivers
E_02794b80/0 .event negedge, v027cc230_0;
E_02794b80/1 .event posedge, v027cc390_0;
E_02794b80 .event/or E_02794b80/0, E_02794b80/1;
S_011ad040 .scope module, "dff2" "dflipflop" 3 8, 4 7 0, S_011a5190;
 .timescale 0 0;
    .port_info 0 /OUTPUT 1 "q"
    .port_info 1 /OUTPUT 1 "qBar"
    .port_info 2 /INPUT 1 "D"
    .port_info 3 /INPUT 1 "clk"
    .port_info 4 /INPUT 1 "rst"
L_02806b28 .functor NOT 1, v027cccb8_0, C4<0>, C4<0>, C4<0>;
v027ccbb0_0 .net "D", 0 0, L_02806b28;  alias, 1 drivers
v027cc688_0 .net "clk", 0 0, L_02789940;  alias, 1 drivers
v027cccb8_0 .var "q", 0 0;
v027ccc08_0 .net "qBar", 0 0, L_02806b28;  alias, 1 drivers
v027ccfd0_0 .net "rst", 0 0, L_027ce1e8;  alias, 1 drivers
E_02794c20/0 .event negedge, v027cc230_0;
E_02794c20/1 .event posedge, v027cc4f0_0;
E_02794c20 .event/or E_02794c20/0, E_02794c20/1;
S_011ad110 .scope module, "dff3" "dflipflop" 3 9, 4 7 0, S_011a5190;
 .timescale 0 0;
    .port_info 0 /OUTPUT 1 "q"
    .port_info 1 /OUTPUT 1 "qBar"
    .port_info 2 /INPUT 1 "D"
    .port_info 3 /INPUT 1 "clk"
    .port_info 4 /INPUT 1 "rst"
L_02806f60 .functor NOT 1, v027ccec8_0, C4<0>, C4<0>, C4<0>;
v027cce70_0 .net "D", 0 0, L_02806f60;  alias, 1 drivers
v027cc6e0_0 .net "clk", 0 0, L_02806b28;  alias, 1 drivers
v027ccec8_0 .var "q", 0 0;
v027ccf78_0 .net "qBar", 0 0, L_02806f60;  alias, 1 drivers
v027ccc60_0 .net "rst", 0 0, L_027ce1e8;  alias, 1 drivers
E_02794ce8/0 .event negedge, v027cc230_0;
E_02794ce8/1 .event posedge, v027ccbb0_0;
E_02794ce8 .event/or E_02794ce8/0, E_02794ce8/1;
S_011a3ad8 .scope module, "testbench" "testbench" 6 8;
 .timescale 0 0;
v027cd8f8_0 .net "character_sent", 0 0, v027cd340_0;  1 drivers
v027cdf80_0 .net "data_in", 7 0, v027cd600_0;  1 drivers
v027cddc8_0 .net "data_out", 0 0, v027ce138_0;  1 drivers
v027cdcc0_0 .net "load", 0 0, v027cd290_0;  1 drivers
v027cd848_0 .net "majorClk", 0 0, v027cd2e8_0;  1 drivers
v027cdf28_0 .net "minorClk", 0 0, v027cd448_0;  1 drivers
v027cde20_0 .net "rst", 0 0, v027cd4f8_0;  1 drivers
v027cd8a0_0 .net "transmit_enable", 0 0, v027cd5a8_0;  1 drivers
S_011aec68 .scope module, "tester" "tester" 6 18, 6 26 0, S_011a3ad8;
 .timescale 0 0;
    .port_info 0 /INPUT 1 "data_out"
    .port_info 1 /INPUT 1 "character_sent"
    .port_info 2 /OUTPUT 8 "data_in"
    .port_info 3 /OUTPUT 1 "load"
    .port_info 4 /OUTPUT 1 "transmit_enable"
    .port_info 5 /OUTPUT 1 "minorClk"
    .port_info 6 /OUTPUT 1 "majorClk"
    .port_info 7 /OUTPUT 1 "rst"
P_02794a40 .param/l "stimDelay" 0 6 32, +C4<00000000000000000000000000010100>;
v027cc9a0_0 .net "character_sent", 0 0, v027cd340_0;  alias, 1 drivers
v027ccb00_0 .var "data0", 7 0;
v027cca50_0 .var "data1", 7 0;
v027ccaa8_0 .var "data2", 7 0;
v027ccb58_0 .var "data3", 7 0;
v027cd600_0 .var "data_in", 7 0;
v027cd4a0_0 .net "data_out", 0 0, v027ce138_0;  alias, 1 drivers
v027cd3f0_0 .var/i "i", 31 0;
v027cd550_0 .var/i "j", 31 0;
v027cd290_0 .var "load", 0 0;
v027cd2e8_0 .var "majorClk", 0 0;
v027cd448_0 .var "minorClk", 0 0;
v027cd4f8_0 .var "rst", 0 0;
v027cd5a8_0 .var "transmit_enable", 0 0;
S_011adb90 .scope module, "transmitter" "transmitter" 6 17, 7 1 0, S_011a3ad8;
 .timescale 0 0;
    .port_info 0 /OUTPUT 1 "data_out"
    .port_info 1 /OUTPUT 1 "character_sent"
    .port_info 2 /INPUT 8 "data_in"
    .port_info 3 /INPUT 1 "load"
    .port_info 4 /INPUT 1 "transmit_enable"
    .port_info 5 /INPUT 1 "minorClk"
    .port_info 6 /INPUT 1 "majorClk"
    .port_info 7 /INPUT 1 "rst"
v027cdab0_0 .net "character_sent", 0 0, v027cd340_0;  alias, 1 drivers
o0279ae94 .functor BUFZ 4, C4<zzzz>; HiZ drive
v027cded0_0 .net "counter", 3 0, o0279ae94;  0 drivers
v027cd7f0_0 .net "data_in", 7 0, v027cd600_0;  alias, 1 drivers
v027cdb60_0 .net "data_out", 0 0, v027ce138_0;  alias, 1 drivers
v027cdc10_0 .net "load", 0 0, v027cd290_0;  alias, 1 drivers
v027cdc68_0 .net "majorClk", 0 0, v027cd2e8_0;  alias, 1 drivers
v027cd798_0 .net "minorClk", 0 0, v027cd448_0;  alias, 1 drivers
v027cdbb8_0 .net "rst", 0 0, v027cd4f8_0;  alias, 1 drivers
v027cdfd8_0 .net "transmit_enable", 0 0, v027cd5a8_0;  alias, 1 drivers
S_027719b8 .scope module, "pts" "parallel_to_serial" 7 21, 8 1 0, S_011adb90;
 .timescale 0 0;
    .port_info 0 /OUTPUT 1 "data_out"
    .port_info 1 /OUTPUT 1 "character_sent"
    .port_info 2 /INPUT 8 "data_in"
    .port_info 3 /INPUT 4 "counter"
    .port_info 4 /INPUT 1 "load"
    .port_info 5 /INPUT 1 "en"
    .port_info 6 /INPUT 1 "clk"
    .port_info 7 /INPUT 1 "rst"
P_02789dc0 .param/l "OP_COUNTING" 0 8 64, C4<01>;
P_02789de0 .param/l "OP_NOP" 0 8 63, C4<00>;
L_02806d68 .functor BUFZ 10, v027cdd18_0, C4<0000000000>, C4<0000000000>, C4<0000000000>;
v027cd340_0 .var "character_sent", 0 0;
v027cd398_0 .net "clk", 0 0, v027cd2e8_0;  alias, 1 drivers
v027cd188_0 .var "count", 3 0;
v027cd1e0_0 .net "counter", 3 0, o0279ae94;  alias, 0 drivers
v027cd238_0 .net "data_in", 7 0, v027cd600_0;  alias, 1 drivers
v027ce138_0 .var "data_out", 0 0;
v027cde78_0 .net "en", 0 0, v027cd5a8_0;  alias, 1 drivers
v027cdb08_0 .net "load", 0 0, v027cd290_0;  alias, 1 drivers
v027cdd70_0 .net "rst", 0 0, v027cd4f8_0;  alias, 1 drivers
v027ce088_0 .var "state", 1 0;
v027cdd18_0 .var "temp", 9 0;
v027cda58_0 .net "temp_wire", 9 0, L_02806d68;  1 drivers
E_02794900 .event posedge, v027cd2e8_0;
    .scope S_0277aab8;
T_0 ;
    %wait E_02794c48;
    %load/vec4 v0276b998_0;
    %nor/r;
    %flag_set/vec4 8;
    %jmp/0xz  T_0.0, 8;
    %pushi/vec4 0, 0, 1;
    %store/vec4 v0276b8e8_0, 0, 1;
    %jmp T_0.1;
T_0.0 ;
    %load/vec4 v0276c1d8_0;
    %store/vec4 v0276b8e8_0, 0, 1;
T_0.1 ;
    %jmp T_0;
    .thread T_0;
    .scope S_02779de8;
T_1 ;
    %wait E_02794bf8;
    %load/vec4 v0276c5f8_0;
    %nor/r;
    %flag_set/vec4 8;
    %jmp/0xz  T_1.0, 8;
    %pushi/vec4 0, 0, 1;
    %store/vec4 v0276c548_0, 0, 1;
    %jmp T_1.1;
T_1.0 ;
    %load/vec4 v0276c498_0;
    %store/vec4 v0276c548_0, 0, 1;
T_1.1 ;
    %jmp T_1;
    .thread T_1;
    .scope S_02779eb8;
T_2 ;
    %wait E_02794860;
    %load/vec4 v0276c440_0;
    %nor/r;
    %flag_set/vec4 8;
    %jmp/0xz  T_2.0, 8;
    %pushi/vec4 0, 0, 1;
    %store/vec4 v0276c4f0_0, 0, 1;
    %jmp T_2.1;
T_2.0 ;
    %load/vec4 v0276c860_0;
    %store/vec4 v0276c4f0_0, 0, 1;
T_2.1 ;
    %jmp T_2;
    .thread T_2;
    .scope S_011a50c0;
T_3 ;
    %wait E_02794ae0;
    %load/vec4 v027cb730_0;
    %nor/r;
    %flag_set/vec4 8;
    %jmp/0xz  T_3.0, 8;
    %pushi/vec4 0, 0, 1;
    %store/vec4 v0276c6a8_0, 0, 1;
    %jmp T_3.1;
T_3.0 ;
    %load/vec4 v0276c5a0_0;
    %store/vec4 v0276c6a8_0, 0, 1;
T_3.1 ;
    %jmp T_3;
    .thread T_3;
    .scope S_02776f70;
T_4 ;
    %wait E_027949c8;
    %load/vec4 v027cc288_0;
    %nor/r;
    %flag_set/vec4 8;
    %jmp/0xz  T_4.0, 8;
    %pushi/vec4 0, 0, 4;
    %assign/vec4 v027cc548_0, 0;
    %pushi/vec4 0, 0, 1;
    %assign/vec4 v027cc440_0, 0;
    %jmp T_4.1;
T_4.0 ;
    %pushi/vec4 0, 0, 1;
    %assign/vec4 v027cc440_0, 0;
    %load/vec4 v027cc5a0_0;
    %dup/vec4;
    %pushi/vec4 1, 0, 1;
    %cmp/u;
    %jmp/1 T_4.2, 6;
    %dup/vec4;
    %pushi/vec4 0, 0, 1;
    %cmp/u;
    %jmp/1 T_4.3, 6;
    %jmp T_4.4;
T_4.2 ;
    %pushi/vec4 0, 0, 4;
    %assign/vec4 v027cc548_0, 0;
    %jmp T_4.4;
T_4.3 ;
    %load/vec4 v027cc548_0;
    %addi 1, 0, 4;
    %assign/vec4 v027cc548_0, 0;
    %load/vec4 v027cc548_0;
    %pad/u 32;
    %cmpi/e 10, 0, 32;
    %jmp/0xz  T_4.5, 4;
    %pushi/vec4 1, 0, 1;
    %assign/vec4 v027cc440_0, 0;
    %pushi/vec4 0, 0, 4;
    %assign/vec4 v027cc548_0, 0;
T_4.5 ;
    %jmp T_4.4;
T_4.4 ;
    %pop/vec4 1;
T_4.1 ;
    %jmp T_4;
    .thread T_4;
    .scope S_02778e10;
T_5 ;
    %wait E_02794b58;
    %load/vec4 v027cc230_0;
    %nor/r;
    %flag_set/vec4 8;
    %jmp/0xz  T_5.0, 8;
    %pushi/vec4 0, 0, 1;
    %store/vec4 v027cc1d8_0, 0, 1;
    %jmp T_5.1;
T_5.0 ;
    %load/vec4 v027cc390_0;
    %store/vec4 v027cc1d8_0, 0, 1;
T_5.1 ;
    %jmp T_5;
    .thread T_5;
    .scope S_02778ee0;
T_6 ;
    %wait E_02794b80;
    %load/vec4 v027ccf20_0;
    %nor/r;
    %flag_set/vec4 8;
    %jmp/0xz  T_6.0, 8;
    %pushi/vec4 0, 0, 1;
    %store/vec4 v027ccd10_0, 0, 1;
    %jmp T_6.1;
T_6.0 ;
    %load/vec4 v027cc4f0_0;
    %store/vec4 v027ccd10_0, 0, 1;
T_6.1 ;
    %jmp T_6;
    .thread T_6;
    .scope S_011ad040;
T_7 ;
    %wait E_02794c20;
    %load/vec4 v027ccfd0_0;
    %nor/r;
    %flag_set/vec4 8;
    %jmp/0xz  T_7.0, 8;
    %pushi/vec4 0, 0, 1;
    %store/vec4 v027cccb8_0, 0, 1;
    %jmp T_7.1;
T_7.0 ;
    %load/vec4 v027ccbb0_0;
    %store/vec4 v027cccb8_0, 0, 1;
T_7.1 ;
    %jmp T_7;
    .thread T_7;
    .scope S_011ad110;
T_8 ;
    %wait E_02794ce8;
    %load/vec4 v027ccc60_0;
    %nor/r;
    %flag_set/vec4 8;
    %jmp/0xz  T_8.0, 8;
    %pushi/vec4 0, 0, 1;
    %store/vec4 v027ccec8_0, 0, 1;
    %jmp T_8.1;
T_8.0 ;
    %load/vec4 v027cce70_0;
    %store/vec4 v027ccec8_0, 0, 1;
T_8.1 ;
    %jmp T_8;
    .thread T_8;
    .scope S_027719b8;
T_9 ;
    %wait E_02794900;
    %load/vec4 v027cdd70_0;
    %nor/r;
    %flag_set/vec4 8;
    %load/vec4 v027cde78_0;
    %nor/r;
    %flag_set/vec4 9;
    %flag_or 9, 8;
    %jmp/0xz  T_9.0, 9;
    %pushi/vec4 0, 0, 10;
    %assign/vec4 v027cdd18_0, 0;
    %pushi/vec4 0, 0, 1;
    %assign/vec4 v027ce138_0, 0;
    %pushi/vec4 0, 0, 1;
    %assign/vec4 v027cd340_0, 0;
    %pushi/vec4 0, 0, 2;
    %assign/vec4 v027ce088_0, 0;
    %pushi/vec4 0, 0, 4;
    %assign/vec4 v027cd188_0, 0;
    %jmp T_9.1;
T_9.0 ;
    %load/vec4 v027ce088_0;
    %dup/vec4;
    %pushi/vec4 0, 0, 2;
    %cmp/u;
    %jmp/1 T_9.2, 6;
    %dup/vec4;
    %pushi/vec4 1, 0, 2;
    %cmp/u;
    %jmp/1 T_9.3, 6;
    %jmp T_9.4;
T_9.2 ;
    %pushi/vec4 0, 0, 1;
    %assign/vec4 v027ce138_0, 0;
    %pushi/vec4 0, 0, 1;
    %assign/vec4 v027cd340_0, 0;
    %load/vec4 v027cdb08_0;
    %flag_set/vec4 8;
    %jmp/0xz  T_9.5, 8;
    %pushi/vec4 1, 0, 1;
    %load/vec4 v027cd238_0;
    %concat/vec4; draw_concat_vec4
    %concati/vec4 0, 0, 1;
    %assign/vec4 v027cdd18_0, 0;
    %pushi/vec4 1, 0, 2;
    %assign/vec4 v027ce088_0, 0;
T_9.5 ;
    %jmp T_9.4;
T_9.3 ;
    %load/vec4 v027cdd18_0;
    %parti/s 1, 9, 5;
    %assign/vec4 v027ce138_0, 0;
    %load/vec4 v027cdd18_0;
    %ix/load 4, 1, 0;
    %flag_set/imm 4, 0;
    %shiftl 4;
    %assign/vec4 v027cdd18_0, 0;
    %load/vec4 v027cd188_0;
    %addi 1, 0, 4;
    %assign/vec4 v027cd188_0, 0;
    %load/vec4 v027cd188_0;
    %pad/u 32;
    %cmpi/e 10, 0, 32;
    %jmp/0xz  T_9.7, 4;
    %pushi/vec4 0, 0, 2;
    %assign/vec4 v027ce088_0, 0;
    %pushi/vec4 0, 0, 4;
    %assign/vec4 v027cd188_0, 0;
    %pushi/vec4 1, 0, 1;
    %assign/vec4 v027cd340_0, 0;
T_9.7 ;
    %jmp T_9.4;
T_9.4 ;
    %pop/vec4 1;
T_9.1 ;
    %jmp T_9;
    .thread T_9;
    .scope S_011aec68;
T_10 ;
    %pushi/vec4 116, 0, 8;
    %store/vec4 v027ccb00_0, 0, 8;
    %end;
    .thread T_10;
    .scope S_011aec68;
T_11 ;
    %pushi/vec4 101, 0, 8;
    %store/vec4 v027cca50_0, 0, 8;
    %end;
    .thread T_11;
    .scope S_011aec68;
T_12 ;
    %pushi/vec4 115, 0, 8;
    %store/vec4 v027ccaa8_0, 0, 8;
    %end;
    .thread T_12;
    .scope S_011aec68;
T_13 ;
    %pushi/vec4 116, 0, 8;
    %store/vec4 v027ccb58_0, 0, 8;
    %end;
    .thread T_13;
    .scope S_011aec68;
T_14 ;
    %delay 20, 0;
    %pushi/vec4 1, 0, 1;
    %store/vec4 v027cd5a8_0, 0, 1;
    %pushi/vec4 0, 0, 32;
    %store/vec4 v027cd3f0_0, 0, 32;
T_14.0 ;
    %load/vec4 v027cd3f0_0;
    %cmpi/s 2, 0, 32;
    %jmp/0xz T_14.1, 5;
    %pushi/vec4 1, 0, 1;
    %store/vec4 v027cd2e8_0, 0, 1;
    %pushi/vec4 0, 0, 1;
    %store/vec4 v027cd4f8_0, 0, 1;
    %pushi/vec4 0, 0, 32;
    %store/vec4 v027cd550_0, 0, 32;
T_14.2 ;
    %load/vec4 v027cd550_0;
    %cmpi/s 8, 0, 32;
    %jmp/0xz T_14.3, 5;
    %pushi/vec4 1, 0, 1;
    %store/vec4 v027cd448_0, 0, 1;
    %delay 20, 0;
    %pushi/vec4 0, 0, 1;
    %store/vec4 v027cd448_0, 0, 1;
    %delay 20, 0;
    %load/vec4 v027cd550_0;
    %addi 1, 0, 32;
    %store/vec4 v027cd550_0, 0, 32;
    %jmp T_14.2;
T_14.3 ;
    %pushi/vec4 0, 0, 1;
    %store/vec4 v027cd2e8_0, 0, 1;
    %pushi/vec4 0, 0, 32;
    %store/vec4 v027cd550_0, 0, 32;
T_14.4 ;
    %load/vec4 v027cd550_0;
    %cmpi/s 8, 0, 32;
    %jmp/0xz T_14.5, 5;
    %pushi/vec4 1, 0, 1;
    %store/vec4 v027cd448_0, 0, 1;
    %delay 20, 0;
    %pushi/vec4 0, 0, 1;
    %store/vec4 v027cd448_0, 0, 1;
    %delay 20, 0;
    %load/vec4 v027cd550_0;
    %addi 1, 0, 32;
    %store/vec4 v027cd550_0, 0, 32;
    %jmp T_14.4;
T_14.5 ;
    %pushi/vec4 1, 0, 1;
    %store/vec4 v027cd4f8_0, 0, 1;
    %load/vec4 v027cd3f0_0;
    %addi 1, 0, 32;
    %store/vec4 v027cd3f0_0, 0, 32;
    %jmp T_14.0;
T_14.1 ;
    %pushi/vec4 1, 0, 1;
    %store/vec4 v027cd290_0, 0, 1;
    %load/vec4 v027ccb00_0;
    %store/vec4 v027cd600_0, 0, 8;
    %pushi/vec4 1, 0, 1;
    %store/vec4 v027cd2e8_0, 0, 1;
    %pushi/vec4 0, 0, 32;
    %store/vec4 v027cd550_0, 0, 32;
T_14.6 ;
    %load/vec4 v027cd550_0;
    %cmpi/s 8, 0, 32;
    %jmp/0xz T_14.7, 5;
    %pushi/vec4 1, 0, 1;
    %store/vec4 v027cd448_0, 0, 1;
    %delay 20, 0;
    %pushi/vec4 0, 0, 1;
    %store/vec4 v027cd448_0, 0, 1;
    %delay 20, 0;
    %load/vec4 v027cd550_0;
    %addi 1, 0, 32;
    %store/vec4 v027cd550_0, 0, 32;
    %jmp T_14.6;
T_14.7 ;
    %pushi/vec4 0, 0, 1;
    %store/vec4 v027cd2e8_0, 0, 1;
    %pushi/vec4 0, 0, 32;
    %store/vec4 v027cd550_0, 0, 32;
T_14.8 ;
    %load/vec4 v027cd550_0;
    %cmpi/s 8, 0, 32;
    %jmp/0xz T_14.9, 5;
    %pushi/vec4 1, 0, 1;
    %store/vec4 v027cd448_0, 0, 1;
    %delay 20, 0;
    %pushi/vec4 0, 0, 1;
    %store/vec4 v027cd448_0, 0, 1;
    %delay 20, 0;
    %load/vec4 v027cd550_0;
    %addi 1, 0, 32;
    %store/vec4 v027cd550_0, 0, 32;
    %jmp T_14.8;
T_14.9 ;
    %pushi/vec4 0, 0, 1;
    %store/vec4 v027cd290_0, 0, 1;
    %pushi/vec4 0, 0, 32;
    %store/vec4 v027cd3f0_0, 0, 32;
T_14.10 ;
    %load/vec4 v027cd3f0_0;
    %cmpi/s 10, 0, 32;
    %jmp/0xz T_14.11, 5;
    %pushi/vec4 1, 0, 1;
    %store/vec4 v027cd2e8_0, 0, 1;
    %pushi/vec4 0, 0, 32;
    %store/vec4 v027cd550_0, 0, 32;
T_14.12 ;
    %load/vec4 v027cd550_0;
    %cmpi/s 8, 0, 32;
    %jmp/0xz T_14.13, 5;
    %pushi/vec4 1, 0, 1;
    %store/vec4 v027cd448_0, 0, 1;
    %delay 20, 0;
    %pushi/vec4 0, 0, 1;
    %store/vec4 v027cd448_0, 0, 1;
    %delay 20, 0;
    %load/vec4 v027cd550_0;
    %addi 1, 0, 32;
    %store/vec4 v027cd550_0, 0, 32;
    %jmp T_14.12;
T_14.13 ;
    %pushi/vec4 0, 0, 1;
    %store/vec4 v027cd2e8_0, 0, 1;
    %pushi/vec4 0, 0, 32;
    %store/vec4 v027cd550_0, 0, 32;
T_14.14 ;
    %load/vec4 v027cd550_0;
    %cmpi/s 8, 0, 32;
    %jmp/0xz T_14.15, 5;
    %pushi/vec4 1, 0, 1;
    %store/vec4 v027cd448_0, 0, 1;
    %delay 20, 0;
    %pushi/vec4 0, 0, 1;
    %store/vec4 v027cd448_0, 0, 1;
    %delay 20, 0;
    %load/vec4 v027cd550_0;
    %addi 1, 0, 32;
    %store/vec4 v027cd550_0, 0, 32;
    %jmp T_14.14;
T_14.15 ;
    %load/vec4 v027cd3f0_0;
    %addi 1, 0, 32;
    %store/vec4 v027cd3f0_0, 0, 32;
    %jmp T_14.10;
T_14.11 ;
    %pushi/vec4 1, 0, 1;
    %store/vec4 v027cd290_0, 0, 1;
    %load/vec4 v027cca50_0;
    %store/vec4 v027cd600_0, 0, 8;
    %pushi/vec4 1, 0, 1;
    %store/vec4 v027cd2e8_0, 0, 1;
    %pushi/vec4 0, 0, 32;
    %store/vec4 v027cd550_0, 0, 32;
T_14.16 ;
    %load/vec4 v027cd550_0;
    %cmpi/s 8, 0, 32;
    %jmp/0xz T_14.17, 5;
    %pushi/vec4 1, 0, 1;
    %store/vec4 v027cd448_0, 0, 1;
    %delay 20, 0;
    %pushi/vec4 0, 0, 1;
    %store/vec4 v027cd448_0, 0, 1;
    %delay 20, 0;
    %load/vec4 v027cd550_0;
    %addi 1, 0, 32;
    %store/vec4 v027cd550_0, 0, 32;
    %jmp T_14.16;
T_14.17 ;
    %pushi/vec4 0, 0, 1;
    %store/vec4 v027cd2e8_0, 0, 1;
    %pushi/vec4 0, 0, 32;
    %store/vec4 v027cd550_0, 0, 32;
T_14.18 ;
    %load/vec4 v027cd550_0;
    %cmpi/s 8, 0, 32;
    %jmp/0xz T_14.19, 5;
    %pushi/vec4 1, 0, 1;
    %store/vec4 v027cd448_0, 0, 1;
    %delay 20, 0;
    %pushi/vec4 0, 0, 1;
    %store/vec4 v027cd448_0, 0, 1;
    %delay 20, 0;
    %load/vec4 v027cd550_0;
    %addi 1, 0, 32;
    %store/vec4 v027cd550_0, 0, 32;
    %jmp T_14.18;
T_14.19 ;
    %pushi/vec4 0, 0, 1;
    %store/vec4 v027cd290_0, 0, 1;
    %pushi/vec4 0, 0, 32;
    %store/vec4 v027cd3f0_0, 0, 32;
T_14.20 ;
    %load/vec4 v027cd3f0_0;
    %cmpi/s 10, 0, 32;
    %jmp/0xz T_14.21, 5;
    %pushi/vec4 1, 0, 1;
    %store/vec4 v027cd2e8_0, 0, 1;
    %pushi/vec4 0, 0, 32;
    %store/vec4 v027cd550_0, 0, 32;
T_14.22 ;
    %load/vec4 v027cd550_0;
    %cmpi/s 8, 0, 32;
    %jmp/0xz T_14.23, 5;
    %pushi/vec4 1, 0, 1;
    %store/vec4 v027cd448_0, 0, 1;
    %delay 20, 0;
    %pushi/vec4 0, 0, 1;
    %store/vec4 v027cd448_0, 0, 1;
    %delay 20, 0;
    %load/vec4 v027cd550_0;
    %addi 1, 0, 32;
    %store/vec4 v027cd550_0, 0, 32;
    %jmp T_14.22;
T_14.23 ;
    %pushi/vec4 0, 0, 1;
    %store/vec4 v027cd2e8_0, 0, 1;
    %pushi/vec4 0, 0, 32;
    %store/vec4 v027cd550_0, 0, 32;
T_14.24 ;
    %load/vec4 v027cd550_0;
    %cmpi/s 8, 0, 32;
    %jmp/0xz T_14.25, 5;
    %pushi/vec4 1, 0, 1;
    %store/vec4 v027cd448_0, 0, 1;
    %delay 20, 0;
    %pushi/vec4 0, 0, 1;
    %store/vec4 v027cd448_0, 0, 1;
    %delay 20, 0;
    %load/vec4 v027cd550_0;
    %addi 1, 0, 32;
    %store/vec4 v027cd550_0, 0, 32;
    %jmp T_14.24;
T_14.25 ;
    %load/vec4 v027cd3f0_0;
    %addi 1, 0, 32;
    %store/vec4 v027cd3f0_0, 0, 32;
    %jmp T_14.20;
T_14.21 ;
    %pushi/vec4 1, 0, 1;
    %store/vec4 v027cd290_0, 0, 1;
    %load/vec4 v027ccaa8_0;
    %store/vec4 v027cd600_0, 0, 8;
    %pushi/vec4 1, 0, 1;
    %store/vec4 v027cd2e8_0, 0, 1;
    %pushi/vec4 0, 0, 32;
    %store/vec4 v027cd550_0, 0, 32;
T_14.26 ;
    %load/vec4 v027cd550_0;
    %cmpi/s 8, 0, 32;
    %jmp/0xz T_14.27, 5;
    %pushi/vec4 1, 0, 1;
    %store/vec4 v027cd448_0, 0, 1;
    %delay 20, 0;
    %pushi/vec4 0, 0, 1;
    %store/vec4 v027cd448_0, 0, 1;
    %delay 20, 0;
    %load/vec4 v027cd550_0;
    %addi 1, 0, 32;
    %store/vec4 v027cd550_0, 0, 32;
    %jmp T_14.26;
T_14.27 ;
    %pushi/vec4 0, 0, 1;
    %store/vec4 v027cd2e8_0, 0, 1;
    %pushi/vec4 0, 0, 32;
    %store/vec4 v027cd550_0, 0, 32;
T_14.28 ;
    %load/vec4 v027cd550_0;
    %cmpi/s 8, 0, 32;
    %jmp/0xz T_14.29, 5;
    %pushi/vec4 1, 0, 1;
    %store/vec4 v027cd448_0, 0, 1;
    %delay 20, 0;
    %pushi/vec4 0, 0, 1;
    %store/vec4 v027cd448_0, 0, 1;
    %delay 20, 0;
    %load/vec4 v027cd550_0;
    %addi 1, 0, 32;
    %store/vec4 v027cd550_0, 0, 32;
    %jmp T_14.28;
T_14.29 ;
    %pushi/vec4 0, 0, 1;
    %store/vec4 v027cd290_0, 0, 1;
    %pushi/vec4 0, 0, 32;
    %store/vec4 v027cd3f0_0, 0, 32;
T_14.30 ;
    %load/vec4 v027cd3f0_0;
    %cmpi/s 10, 0, 32;
    %jmp/0xz T_14.31, 5;
    %pushi/vec4 1, 0, 1;
    %store/vec4 v027cd2e8_0, 0, 1;
    %pushi/vec4 0, 0, 32;
    %store/vec4 v027cd550_0, 0, 32;
T_14.32 ;
    %load/vec4 v027cd550_0;
    %cmpi/s 8, 0, 32;
    %jmp/0xz T_14.33, 5;
    %pushi/vec4 1, 0, 1;
    %store/vec4 v027cd448_0, 0, 1;
    %delay 20, 0;
    %pushi/vec4 0, 0, 1;
    %store/vec4 v027cd448_0, 0, 1;
    %delay 20, 0;
    %load/vec4 v027cd550_0;
    %addi 1, 0, 32;
    %store/vec4 v027cd550_0, 0, 32;
    %jmp T_14.32;
T_14.33 ;
    %pushi/vec4 0, 0, 1;
    %store/vec4 v027cd2e8_0, 0, 1;
    %pushi/vec4 0, 0, 32;
    %store/vec4 v027cd550_0, 0, 32;
T_14.34 ;
    %load/vec4 v027cd550_0;
    %cmpi/s 8, 0, 32;
    %jmp/0xz T_14.35, 5;
    %pushi/vec4 1, 0, 1;
    %store/vec4 v027cd448_0, 0, 1;
    %delay 20, 0;
    %pushi/vec4 0, 0, 1;
    %store/vec4 v027cd448_0, 0, 1;
    %delay 20, 0;
    %load/vec4 v027cd550_0;
    %addi 1, 0, 32;
    %store/vec4 v027cd550_0, 0, 32;
    %jmp T_14.34;
T_14.35 ;
    %load/vec4 v027cd3f0_0;
    %addi 1, 0, 32;
    %store/vec4 v027cd3f0_0, 0, 32;
    %jmp T_14.30;
T_14.31 ;
    %pushi/vec4 1, 0, 1;
    %store/vec4 v027cd290_0, 0, 1;
    %load/vec4 v027ccb58_0;
    %store/vec4 v027cd600_0, 0, 8;
    %pushi/vec4 1, 0, 1;
    %store/vec4 v027cd2e8_0, 0, 1;
    %pushi/vec4 0, 0, 32;
    %store/vec4 v027cd550_0, 0, 32;
T_14.36 ;
    %load/vec4 v027cd550_0;
    %cmpi/s 8, 0, 32;
    %jmp/0xz T_14.37, 5;
    %pushi/vec4 1, 0, 1;
    %store/vec4 v027cd448_0, 0, 1;
    %delay 20, 0;
    %pushi/vec4 0, 0, 1;
    %store/vec4 v027cd448_0, 0, 1;
    %delay 20, 0;
    %load/vec4 v027cd550_0;
    %addi 1, 0, 32;
    %store/vec4 v027cd550_0, 0, 32;
    %jmp T_14.36;
T_14.37 ;
    %pushi/vec4 0, 0, 1;
    %store/vec4 v027cd2e8_0, 0, 1;
    %pushi/vec4 0, 0, 32;
    %store/vec4 v027cd550_0, 0, 32;
T_14.38 ;
    %load/vec4 v027cd550_0;
    %cmpi/s 8, 0, 32;
    %jmp/0xz T_14.39, 5;
    %pushi/vec4 1, 0, 1;
    %store/vec4 v027cd448_0, 0, 1;
    %delay 20, 0;
    %pushi/vec4 0, 0, 1;
    %store/vec4 v027cd448_0, 0, 1;
    %delay 20, 0;
    %load/vec4 v027cd550_0;
    %addi 1, 0, 32;
    %store/vec4 v027cd550_0, 0, 32;
    %jmp T_14.38;
T_14.39 ;
    %pushi/vec4 0, 0, 1;
    %store/vec4 v027cd290_0, 0, 1;
    %pushi/vec4 0, 0, 32;
    %store/vec4 v027cd3f0_0, 0, 32;
T_14.40 ;
    %load/vec4 v027cd3f0_0;
    %cmpi/s 10, 0, 32;
    %jmp/0xz T_14.41, 5;
    %pushi/vec4 1, 0, 1;
    %store/vec4 v027cd2e8_0, 0, 1;
    %pushi/vec4 0, 0, 32;
    %store/vec4 v027cd550_0, 0, 32;
T_14.42 ;
    %load/vec4 v027cd550_0;
    %cmpi/s 8, 0, 32;
    %jmp/0xz T_14.43, 5;
    %pushi/vec4 1, 0, 1;
    %store/vec4 v027cd448_0, 0, 1;
    %delay 20, 0;
    %pushi/vec4 0, 0, 1;
    %store/vec4 v027cd448_0, 0, 1;
    %delay 20, 0;
    %load/vec4 v027cd550_0;
    %addi 1, 0, 32;
    %store/vec4 v027cd550_0, 0, 32;
    %jmp T_14.42;
T_14.43 ;
    %pushi/vec4 0, 0, 1;
    %store/vec4 v027cd2e8_0, 0, 1;
    %pushi/vec4 0, 0, 32;
    %store/vec4 v027cd550_0, 0, 32;
T_14.44 ;
    %load/vec4 v027cd550_0;
    %cmpi/s 8, 0, 32;
    %jmp/0xz T_14.45, 5;
    %pushi/vec4 1, 0, 1;
    %store/vec4 v027cd448_0, 0, 1;
    %delay 20, 0;
    %pushi/vec4 0, 0, 1;
    %store/vec4 v027cd448_0, 0, 1;
    %delay 20, 0;
    %load/vec4 v027cd550_0;
    %addi 1, 0, 32;
    %store/vec4 v027cd550_0, 0, 32;
    %jmp T_14.44;
T_14.45 ;
    %load/vec4 v027cd3f0_0;
    %addi 1, 0, 32;
    %store/vec4 v027cd3f0_0, 0, 32;
    %jmp T_14.40;
T_14.41 ;
    %end;
    .thread T_14;
    .scope S_011a3ad8;
T_15 ;
    %vpi_call 6 21 "$dumpfile", "transmitter.vcd" {0 0 0};
    %vpi_call 6 22 "$dumpvars" {0 0 0};
    %end;
    .thread T_15;
# The file index is used to find the file name in the following table.
:file_names 9;
    "N/A";
    "<interactive>";
    "./bic.v";
    "./up_counter.v";
    "./dflipflop.v";
    "./bsc.v";
    "transmitter_testbench.v";
    "./transmitter.v";
    "./parallel_to_serial.v";
